[0.026s] Invoking command in '/home/sachin/ros2_ws2/src/build/my_cpp_pkg': CMAKE_PREFIX_PATH=${CMAKE_PREFIX_PATH}:/home/sachin/ros2_ws2/src/install/my_py_pkg:/home/sachin/robosim/install/restaurant_robot:/home/sachin/turtlebot3_ws/install/turtlebot3_teleop:/home/sachin/turtlebot3_ws/install/turtlebot3_example:/opt/ros/jazzy /usr/bin/cmake --build /home/sachin/ros2_ws2/src/build/my_cpp_pkg -- -j12 -l12
[0.197s] [ 50%] [32mBuilding CXX object CMakeFiles/cpp_node.dir/src/my_first_node.cpp.o[0m
[2.385s] [01m[K/home/sachin/ros2_ws2/src/my_cpp_pkg/src/my_first_node.cpp:[m[K In constructor ‘[01m[KMyNode::[01;32m[KMyNode[m[K()[m[K’:
[2.385s] [01m[K/home/sachin/ros2_ws2/src/my_cpp_pkg/src/my_first_node.cpp:5:43:[m[K [01;31m[Kerror: [m[Kclass ‘[01m[KMyNode[m[K’ does not have any field named ‘[01m[Kcounter_[m[K’
[2.385s]     5 |      MyNode() : rclcpp::Node("cpp_test"), [01;31m[Kcounter_[m[K(0)
[2.385s]       |                                           [01;31m[K^~~~~~~~[m[K
[2.397s] In file included from [01m[K/opt/ros/jazzy/include/rclcpp/rclcpp/logging.hpp:24[m[K,
[2.398s]                  from [01m[K/opt/ros/jazzy/include/rclcpp/rclcpp/copy_all_parameter_values.hpp:27[m[K,
[2.398s]                  from [01m[K/opt/ros/jazzy/include/rclcpp/rclcpp/rclcpp.hpp:171[m[K,
[2.398s]                  from [01m[K/home/sachin/ros2_ws2/src/my_cpp_pkg/src/my_first_node.cpp:1[m[K:
[2.398s] [01m[K/home/sachin/ros2_ws2/src/my_cpp_pkg/src/my_first_node.cpp:[m[K In member function ‘[01m[Kvoid MyNode::[01;32m[Ktimer_callback[m[K()[m[K’:
[2.398s] [01m[K/home/sachin/ros2_ws2/src/my_cpp_pkg/src/my_first_node.cpp:13:71:[m[K [01;31m[Kerror: [m[K‘[01m[Kcounter_[m[K’ was not declared in this scope
[2.398s]    13 | s->get_logger(),"Timer callback triggered %d", [01;31m[Kcounter_[m[K);
[2.398s]       |                                                [01;31m[K^~~~~~~~[m[K
[2.398s] 
[2.403s] [01m[K/home/sachin/ros2_ws2/src/my_cpp_pkg/src/my_first_node.cpp:14:9:[m[K [01;31m[Kerror: [m[K‘[01m[Kcounter_[m[K’ was not declared in this scope
[2.403s]    14 |         [01;31m[Kcounter_[m[K++;
[2.403s]       |         [01;31m[K^~~~~~~~[m[K
[3.018s] gmake[2]: *** [CMakeFiles/cpp_node.dir/build.make:76: CMakeFiles/cpp_node.dir/src/my_first_node.cpp.o] Error 1
[3.019s] gmake[1]: *** [CMakeFiles/Makefile2:137: CMakeFiles/cpp_node.dir/all] Error 2
[3.019s] gmake: *** [Makefile:146: all] Error 2
[3.021s] Invoked command in '/home/sachin/ros2_ws2/src/build/my_cpp_pkg' returned '2': CMAKE_PREFIX_PATH=${CMAKE_PREFIX_PATH}:/home/sachin/ros2_ws2/src/install/my_py_pkg:/home/sachin/robosim/install/restaurant_robot:/home/sachin/turtlebot3_ws/install/turtlebot3_teleop:/home/sachin/turtlebot3_ws/install/turtlebot3_example:/opt/ros/jazzy /usr/bin/cmake --build /home/sachin/ros2_ws2/src/build/my_cpp_pkg -- -j12 -l12
