[1.372s] DEBUG:colcon:Command line arguments: ['/usr/bin/colcon', 'build']
[1.372s] DEBUG:colcon:Parsed command line arguments: Namespace(log_base=None, log_level=None, verb_name='build', build_base='build', install_base='install', merge_install=False, symlink_install=False, test_result_base=None, continue_on_error=False, executor='parallel', parallel_workers=12, event_handlers=None, ignore_user_meta=False, metas=['./colcon.meta'], base_paths=['.'], packages_ignore=None, packages_ignore_regex=None, paths=None, packages_up_to=None, packages_up_to_regex=None, packages_above=None, packages_above_and_dependencies=None, packages_above_depth=None, packages_select_by_dep=None, packages_skip_by_dep=None, packages_skip_up_to=None, packages_select_build_failed=False, packages_skip_build_finished=False, packages_select_test_failures=False, packages_skip_test_passed=False, packages_select=None, packages_skip=None, packages_select_regex=None, packages_skip_regex=None, packages_start=None, packages_end=None, allow_overriding=[], cmake_args=None, cmake_target=None, cmake_target_skip_unavailable=False, cmake_clean_cache=False, cmake_clean_first=False, cmake_force_configure=False, ament_cmake_args=None, catkin_cmake_args=None, catkin_skip_building_tests=False, verb_parser=<colcon_defaults.argument_parser.defaults.DefaultArgumentsDecorator object at 0x75c73a23cef0>, verb_extension=<colcon_core.verb.build.BuildVerb object at 0x75c73b08bad0>, main=<bound method BuildVerb.main of <colcon_core.verb.build.BuildVerb object at 0x75c73b08bad0>>)
[1.475s] Level 1:colcon.colcon_core.package_discovery:discover_packages(colcon_meta) check parameters
[1.476s] Level 1:colcon.colcon_core.package_discovery:discover_packages(recursive) check parameters
[1.476s] Level 1:colcon.colcon_core.package_discovery:discover_packages(ignore) check parameters
[1.476s] Level 1:colcon.colcon_core.package_discovery:discover_packages(path) check parameters
[1.476s] Level 1:colcon.colcon_core.package_discovery:discover_packages(colcon_meta) discover
[1.476s] Level 1:colcon.colcon_core.package_discovery:discover_packages(recursive) discover
[1.477s] INFO:colcon.colcon_core.package_discovery:Crawling recursively for packages in '/home/sachin/ros2_ws2/src'
[1.477s] Level 1:colcon.colcon_core.package_identification:_identify(.) by extensions ['ignore', 'ignore_ament_install']
[1.477s] Level 1:colcon.colcon_core.package_identification:_identify(.) by extension 'ignore'
[1.477s] Level 1:colcon.colcon_core.package_identification:_identify(.) by extension 'ignore_ament_install'
[1.478s] Level 1:colcon.colcon_core.package_identification:_identify(.) by extensions ['colcon_pkg']
[1.478s] Level 1:colcon.colcon_core.package_identification:_identify(.) by extension 'colcon_pkg'
[1.478s] Level 1:colcon.colcon_core.package_identification:_identify(.) by extensions ['colcon_meta']
[1.478s] Level 1:colcon.colcon_core.package_identification:_identify(.) by extension 'colcon_meta'
[1.478s] Level 1:colcon.colcon_core.package_identification:_identify(.) by extensions ['ros']
[1.478s] Level 1:colcon.colcon_core.package_identification:_identify(.) by extension 'ros'
[1.548s] Level 1:colcon.colcon_core.package_identification:_identify(.) by extensions ['cmake', 'python']
[1.548s] Level 1:colcon.colcon_core.package_identification:_identify(.) by extension 'cmake'
[1.548s] Level 1:colcon.colcon_core.package_identification:_identify(.) by extension 'python'
[1.548s] Level 1:colcon.colcon_core.package_identification:_identify(.) by extensions ['python_setup_py']
[1.548s] Level 1:colcon.colcon_core.package_identification:_identify(.) by extension 'python_setup_py'
[1.549s] Level 1:colcon.colcon_core.package_identification:_identify(build) by extensions ['ignore', 'ignore_ament_install']
[1.549s] Level 1:colcon.colcon_core.package_identification:_identify(build) by extension 'ignore'
[1.549s] Level 1:colcon.colcon_core.package_identification:_identify(build) ignored
[1.549s] Level 1:colcon.colcon_core.package_identification:_identify(install) by extensions ['ignore', 'ignore_ament_install']
[1.549s] Level 1:colcon.colcon_core.package_identification:_identify(install) by extension 'ignore'
[1.549s] Level 1:colcon.colcon_core.package_identification:_identify(install) ignored
[1.549s] Level 1:colcon.colcon_core.package_identification:_identify(log) by extensions ['ignore', 'ignore_ament_install']
[1.550s] Level 1:colcon.colcon_core.package_identification:_identify(log) by extension 'ignore'
[1.550s] Level 1:colcon.colcon_core.package_identification:_identify(log) ignored
[1.550s] Level 1:colcon.colcon_core.package_identification:_identify(my_cpp_pkg) by extensions ['ignore', 'ignore_ament_install']
[1.550s] Level 1:colcon.colcon_core.package_identification:_identify(my_cpp_pkg) by extension 'ignore'
[1.550s] Level 1:colcon.colcon_core.package_identification:_identify(my_cpp_pkg) by extension 'ignore_ament_install'
[1.550s] Level 1:colcon.colcon_core.package_identification:_identify(my_cpp_pkg) by extensions ['colcon_pkg']
[1.550s] Level 1:colcon.colcon_core.package_identification:_identify(my_cpp_pkg) by extension 'colcon_pkg'
[1.550s] Level 1:colcon.colcon_core.package_identification:_identify(my_cpp_pkg) by extensions ['colcon_meta']
[1.550s] Level 1:colcon.colcon_core.package_identification:_identify(my_cpp_pkg) by extension 'colcon_meta'
[1.550s] Level 1:colcon.colcon_core.package_identification:_identify(my_cpp_pkg) by extensions ['ros']
[1.551s] Level 1:colcon.colcon_core.package_identification:_identify(my_cpp_pkg) by extension 'ros'
[1.557s] DEBUG:colcon.colcon_core.package_identification:Package 'my_cpp_pkg' with type 'ros.ament_cmake' and name 'my_cpp_pkg'
[1.558s] Level 1:colcon.colcon_core.package_identification:_identify(my_py_pkg) by extensions ['ignore', 'ignore_ament_install']
[1.558s] Level 1:colcon.colcon_core.package_identification:_identify(my_py_pkg) by extension 'ignore'
[1.558s] Level 1:colcon.colcon_core.package_identification:_identify(my_py_pkg) by extension 'ignore_ament_install'
[1.558s] Level 1:colcon.colcon_core.package_identification:_identify(my_py_pkg) by extensions ['colcon_pkg']
[1.559s] Level 1:colcon.colcon_core.package_identification:_identify(my_py_pkg) by extension 'colcon_pkg'
[1.559s] Level 1:colcon.colcon_core.package_identification:_identify(my_py_pkg) by extensions ['colcon_meta']
[1.559s] Level 1:colcon.colcon_core.package_identification:_identify(my_py_pkg) by extension 'colcon_meta'
[1.559s] Level 1:colcon.colcon_core.package_identification:_identify(my_py_pkg) by extensions ['ros']
[1.559s] Level 1:colcon.colcon_core.package_identification:_identify(my_py_pkg) by extension 'ros'
[1.561s] DEBUG:colcon.colcon_core.package_identification:Package 'my_py_pkg' with type 'ros.ament_python' and name 'my_py_pkg'
[1.561s] Level 1:colcon.colcon_core.package_discovery:discover_packages(recursive) using defaults
[1.561s] Level 1:colcon.colcon_core.package_discovery:discover_packages(ignore) discover
[1.561s] Level 1:colcon.colcon_core.package_discovery:discover_packages(ignore) using defaults
[1.561s] Level 1:colcon.colcon_core.package_discovery:discover_packages(path) discover
[1.561s] Level 1:colcon.colcon_core.package_discovery:discover_packages(path) using defaults
[1.614s] Level 1:colcon.colcon_core.package_discovery:discover_packages(prefix_path) check parameters
[1.614s] Level 1:colcon.colcon_core.package_discovery:discover_packages(prefix_path) discover
[1.620s] DEBUG:colcon.colcon_installed_package_information.package_discovery:Found 2 installed packages in /home/sachin/ros2_ws2/install
[1.620s] DEBUG:colcon.colcon_installed_package_information.package_discovery:Found 1 installed packages in /home/sachin/robosim/install
[1.622s] DEBUG:colcon.colcon_installed_package_information.package_discovery:Found 15 installed packages in /home/sachin/turtlebot3_ws/install
[1.627s] DEBUG:colcon.colcon_installed_package_information.package_discovery:Found 488 installed packages in /opt/ros/jazzy
[1.633s] Level 1:colcon.colcon_core.package_discovery:discover_packages(prefix_path) using defaults
[1.780s] Level 5:colcon.colcon_core.verb:set package 'my_cpp_pkg' build argument 'cmake_args' from command line to 'None'
[1.781s] Level 5:colcon.colcon_core.verb:set package 'my_cpp_pkg' build argument 'cmake_target' from command line to 'None'
[1.781s] Level 5:colcon.colcon_core.verb:set package 'my_cpp_pkg' build argument 'cmake_target_skip_unavailable' from command line to 'False'
[1.781s] Level 5:colcon.colcon_core.verb:set package 'my_cpp_pkg' build argument 'cmake_clean_cache' from command line to 'False'
[1.781s] Level 5:colcon.colcon_core.verb:set package 'my_cpp_pkg' build argument 'cmake_clean_first' from command line to 'False'
[1.781s] Level 5:colcon.colcon_core.verb:set package 'my_cpp_pkg' build argument 'cmake_force_configure' from command line to 'False'
[1.781s] Level 5:colcon.colcon_core.verb:set package 'my_cpp_pkg' build argument 'ament_cmake_args' from command line to 'None'
[1.781s] Level 5:colcon.colcon_core.verb:set package 'my_cpp_pkg' build argument 'catkin_cmake_args' from command line to 'None'
[1.781s] Level 5:colcon.colcon_core.verb:set package 'my_cpp_pkg' build argument 'catkin_skip_building_tests' from command line to 'False'
[1.781s] DEBUG:colcon.colcon_core.verb:Building package 'my_cpp_pkg' with the following arguments: {'ament_cmake_args': None, 'build_base': '/home/sachin/ros2_ws2/src/build/my_cpp_pkg', 'catkin_cmake_args': None, 'catkin_skip_building_tests': False, 'cmake_args': None, 'cmake_clean_cache': False, 'cmake_clean_first': False, 'cmake_force_configure': False, 'cmake_target': None, 'cmake_target_skip_unavailable': False, 'install_base': '/home/sachin/ros2_ws2/src/install/my_cpp_pkg', 'merge_install': False, 'path': '/home/sachin/ros2_ws2/src/my_cpp_pkg', 'symlink_install': False, 'test_result_base': None}
[1.781s] Level 5:colcon.colcon_core.verb:set package 'my_py_pkg' build argument 'cmake_args' from command line to 'None'
[1.781s] Level 5:colcon.colcon_core.verb:set package 'my_py_pkg' build argument 'cmake_target' from command line to 'None'
[1.782s] Level 5:colcon.colcon_core.verb:set package 'my_py_pkg' build argument 'cmake_target_skip_unavailable' from command line to 'False'
[1.782s] Level 5:colcon.colcon_core.verb:set package 'my_py_pkg' build argument 'cmake_clean_cache' from command line to 'False'
[1.782s] Level 5:colcon.colcon_core.verb:set package 'my_py_pkg' build argument 'cmake_clean_first' from command line to 'False'
[1.782s] Level 5:colcon.colcon_core.verb:set package 'my_py_pkg' build argument 'cmake_force_configure' from command line to 'False'
[1.782s] Level 5:colcon.colcon_core.verb:set package 'my_py_pkg' build argument 'ament_cmake_args' from command line to 'None'
[1.782s] Level 5:colcon.colcon_core.verb:set package 'my_py_pkg' build argument 'catkin_cmake_args' from command line to 'None'
[1.782s] Level 5:colcon.colcon_core.verb:set package 'my_py_pkg' build argument 'catkin_skip_building_tests' from command line to 'False'
[1.782s] DEBUG:colcon.colcon_core.verb:Building package 'my_py_pkg' with the following arguments: {'ament_cmake_args': None, 'build_base': '/home/sachin/ros2_ws2/src/build/my_py_pkg', 'catkin_cmake_args': None, 'catkin_skip_building_tests': False, 'cmake_args': None, 'cmake_clean_cache': False, 'cmake_clean_first': False, 'cmake_force_configure': False, 'cmake_target': None, 'cmake_target_skip_unavailable': False, 'install_base': '/home/sachin/ros2_ws2/src/install/my_py_pkg', 'merge_install': False, 'path': '/home/sachin/ros2_ws2/src/my_py_pkg', 'symlink_install': False, 'test_result_base': None}
[1.782s] INFO:colcon.colcon_core.executor:Executing jobs using 'parallel' executor
[1.785s] DEBUG:colcon.colcon_parallel_executor.executor.parallel:run_until_complete
[1.785s] INFO:colcon.colcon_ros.task.ament_cmake.build:Building ROS package in '/home/sachin/ros2_ws2/src/my_cpp_pkg' with build type 'ament_cmake'
[1.786s] INFO:colcon.colcon_cmake.task.cmake.build:Building CMake package in '/home/sachin/ros2_ws2/src/my_cpp_pkg'
[1.793s] INFO:colcon.colcon_core.plugin_system:Skipping extension 'colcon_core.shell.bat': Not used on non-Windows systems
[1.794s] INFO:colcon.colcon_core.shell:Skip shell extension 'powershell' for command environment: Not usable outside of PowerShell
[1.794s] DEBUG:colcon.colcon_core.shell:Skip shell extension 'dsv' for command environment
[1.811s] INFO:colcon.colcon_ros.task.ament_python.build:Building ROS package in '/home/sachin/ros2_ws2/src/my_py_pkg' with build type 'ament_python'
[1.811s] Level 1:colcon.colcon_core.shell:create_environment_hook('my_py_pkg', 'ament_prefix_path')
[1.812s] INFO:colcon.colcon_core.shell:Creating environment hook '/home/sachin/ros2_ws2/src/install/my_py_pkg/share/my_py_pkg/hook/ament_prefix_path.ps1'
[1.813s] INFO:colcon.colcon_core.shell:Creating environment descriptor '/home/sachin/ros2_ws2/src/install/my_py_pkg/share/my_py_pkg/hook/ament_prefix_path.dsv'
[1.813s] INFO:colcon.colcon_core.shell:Creating environment hook '/home/sachin/ros2_ws2/src/install/my_py_pkg/share/my_py_pkg/hook/ament_prefix_path.sh'
[1.816s] INFO:colcon.colcon_core.shell:Skip shell extension 'powershell' for command environment: Not usable outside of PowerShell
[1.816s] DEBUG:colcon.colcon_core.shell:Skip shell extension 'dsv' for command environment
[1.844s] DEBUG:colcon.colcon_core.event_handler.log_command:Invoking command in '/home/sachin/ros2_ws2/src/build/my_cpp_pkg': CMAKE_PREFIX_PATH=${CMAKE_PREFIX_PATH}:/home/sachin/ros2_ws2/install/my_py_pkg:/home/sachin/robosim/install/restaurant_robot:/home/sachin/turtlebot3_ws/install/turtlebot3_teleop:/home/sachin/turtlebot3_ws/install/turtlebot3_example:/opt/ros/jazzy /usr/bin/cmake --build /home/sachin/ros2_ws2/src/build/my_cpp_pkg -- -j12 -l12
[2.515s] INFO:colcon.colcon_core.task.python.build:Building Python package in '/home/sachin/ros2_ws2/src/my_py_pkg'
[2.515s] INFO:colcon.colcon_core.shell:Skip shell extension 'powershell' for command environment: Not usable outside of PowerShell
[2.515s] DEBUG:colcon.colcon_core.shell:Skip shell extension 'dsv' for command environment
[4.343s] DEBUG:colcon.colcon_core.event_handler.log_command:Invoking command in '/home/sachin/ros2_ws2/src/my_py_pkg': PYTHONPATH=/home/sachin/ros2_ws2/src/build/my_py_pkg/prefix_override:/usr/lib/python3/dist-packages/colcon_core/task/python/colcon_distutils_commands:/home/sachin/ros2_ws2/src/install/my_py_pkg/lib/python3.12/site-packages:${PYTHONPATH} /usr/bin/python3 -W ignore:setup.py install is deprecated -W ignore:easy_install command is deprecated setup.py egg_info --egg-base ../build/my_py_pkg build --build-base /home/sachin/ros2_ws2/src/build/my_py_pkg/build install --record /home/sachin/ros2_ws2/src/build/my_py_pkg/install.log --single-version-externally-managed install_data
[5.819s] DEBUG:colcon.colcon_core.event_handler.log_command:Invoked command in '/home/sachin/ros2_ws2/src/my_py_pkg' returned '0': PYTHONPATH=/home/sachin/ros2_ws2/src/build/my_py_pkg/prefix_override:/usr/lib/python3/dist-packages/colcon_core/task/python/colcon_distutils_commands:/home/sachin/ros2_ws2/src/install/my_py_pkg/lib/python3.12/site-packages:${PYTHONPATH} /usr/bin/python3 -W ignore:setup.py install is deprecated -W ignore:easy_install command is deprecated setup.py egg_info --egg-base ../build/my_py_pkg build --build-base /home/sachin/ros2_ws2/src/build/my_py_pkg/build install --record /home/sachin/ros2_ws2/src/build/my_py_pkg/install.log --single-version-externally-managed install_data
[5.821s] Level 1:colcon.colcon_core.environment:checking '/home/sachin/ros2_ws2/src/install/my_py_pkg' for CMake module files
[5.822s] Level 1:colcon.colcon_core.environment:checking '/home/sachin/ros2_ws2/src/install/my_py_pkg' for CMake config files
[5.824s] Level 1:colcon.colcon_core.environment:checking '/home/sachin/ros2_ws2/src/install/my_py_pkg/lib'
[5.824s] Level 1:colcon.colcon_core.environment:checking '/home/sachin/ros2_ws2/src/install/my_py_pkg/bin'
[5.824s] Level 1:colcon.colcon_core.environment:checking '/home/sachin/ros2_ws2/src/install/my_py_pkg/lib/pkgconfig/my_py_pkg.pc'
[5.825s] Level 1:colcon.colcon_core.environment:checking '/home/sachin/ros2_ws2/src/install/my_py_pkg/lib/python3.12/site-packages'
[5.825s] Level 1:colcon.colcon_core.shell:create_environment_hook('my_py_pkg', 'pythonpath')
[5.825s] INFO:colcon.colcon_core.shell:Creating environment hook '/home/sachin/ros2_ws2/src/install/my_py_pkg/share/my_py_pkg/hook/pythonpath.ps1'
[5.826s] INFO:colcon.colcon_core.shell:Creating environment descriptor '/home/sachin/ros2_ws2/src/install/my_py_pkg/share/my_py_pkg/hook/pythonpath.dsv'
[5.827s] INFO:colcon.colcon_core.shell:Creating environment hook '/home/sachin/ros2_ws2/src/install/my_py_pkg/share/my_py_pkg/hook/pythonpath.sh'
[5.829s] Level 1:colcon.colcon_core.environment:checking '/home/sachin/ros2_ws2/src/install/my_py_pkg/bin'
[5.829s] Level 1:colcon.colcon_core.environment:create_environment_scripts_only(my_py_pkg)
[5.830s] INFO:colcon.colcon_core.shell:Creating package script '/home/sachin/ros2_ws2/src/install/my_py_pkg/share/my_py_pkg/package.ps1'
[5.833s] INFO:colcon.colcon_core.shell:Creating package descriptor '/home/sachin/ros2_ws2/src/install/my_py_pkg/share/my_py_pkg/package.dsv'
[5.835s] INFO:colcon.colcon_core.shell:Creating package script '/home/sachin/ros2_ws2/src/install/my_py_pkg/share/my_py_pkg/package.sh'
[5.836s] INFO:colcon.colcon_core.shell:Creating package script '/home/sachin/ros2_ws2/src/install/my_py_pkg/share/my_py_pkg/package.bash'
[5.837s] INFO:colcon.colcon_core.shell:Creating package script '/home/sachin/ros2_ws2/src/install/my_py_pkg/share/my_py_pkg/package.zsh'
[5.838s] Level 1:colcon.colcon_core.environment:create_file_with_runtime_dependencies(/home/sachin/ros2_ws2/src/install/my_py_pkg/share/colcon-core/packages/my_py_pkg)
[11.748s] DEBUG:colcon.colcon_core.event_handler.log_command:Invoked command in '/home/sachin/ros2_ws2/src/build/my_cpp_pkg' returned '0': CMAKE_PREFIX_PATH=${CMAKE_PREFIX_PATH}:/home/sachin/ros2_ws2/install/my_py_pkg:/home/sachin/robosim/install/restaurant_robot:/home/sachin/turtlebot3_ws/install/turtlebot3_teleop:/home/sachin/turtlebot3_ws/install/turtlebot3_example:/opt/ros/jazzy /usr/bin/cmake --build /home/sachin/ros2_ws2/src/build/my_cpp_pkg -- -j12 -l12
[11.771s] DEBUG:colcon.colcon_core.event_handler.log_command:Invoking command in '/home/sachin/ros2_ws2/src/build/my_cpp_pkg': CMAKE_PREFIX_PATH=${CMAKE_PREFIX_PATH}:/home/sachin/ros2_ws2/install/my_py_pkg:/home/sachin/robosim/install/restaurant_robot:/home/sachin/turtlebot3_ws/install/turtlebot3_teleop:/home/sachin/turtlebot3_ws/install/turtlebot3_example:/opt/ros/jazzy /usr/bin/cmake --install /home/sachin/ros2_ws2/src/build/my_cpp_pkg
[11.811s] Level 1:colcon.colcon_core.environment:create_environment_scripts_only(my_cpp_pkg)
[11.812s] Level 1:colcon.colcon_core.environment:checking '/home/sachin/ros2_ws2/src/install/my_cpp_pkg' for CMake module files
[11.815s] DEBUG:colcon.colcon_core.event_handler.log_command:Invoked command in '/home/sachin/ros2_ws2/src/build/my_cpp_pkg' returned '0': CMAKE_PREFIX_PATH=${CMAKE_PREFIX_PATH}:/home/sachin/ros2_ws2/install/my_py_pkg:/home/sachin/robosim/install/restaurant_robot:/home/sachin/turtlebot3_ws/install/turtlebot3_teleop:/home/sachin/turtlebot3_ws/install/turtlebot3_example:/opt/ros/jazzy /usr/bin/cmake --install /home/sachin/ros2_ws2/src/build/my_cpp_pkg
[11.816s] Level 1:colcon.colcon_core.environment:checking '/home/sachin/ros2_ws2/src/install/my_cpp_pkg' for CMake config files
[11.817s] Level 1:colcon.colcon_core.shell:create_environment_hook('my_cpp_pkg', 'cmake_prefix_path')
[11.818s] INFO:colcon.colcon_core.shell:Creating environment hook '/home/sachin/ros2_ws2/src/install/my_cpp_pkg/share/my_cpp_pkg/hook/cmake_prefix_path.ps1'
[11.820s] INFO:colcon.colcon_core.shell:Creating environment descriptor '/home/sachin/ros2_ws2/src/install/my_cpp_pkg/share/my_cpp_pkg/hook/cmake_prefix_path.dsv'
[11.820s] INFO:colcon.colcon_core.shell:Creating environment hook '/home/sachin/ros2_ws2/src/install/my_cpp_pkg/share/my_cpp_pkg/hook/cmake_prefix_path.sh'
[11.822s] Level 1:colcon.colcon_core.environment:checking '/home/sachin/ros2_ws2/src/install/my_cpp_pkg/lib'
[11.822s] Level 1:colcon.colcon_core.environment:checking '/home/sachin/ros2_ws2/src/install/my_cpp_pkg/bin'
[11.823s] Level 1:colcon.colcon_core.environment:checking '/home/sachin/ros2_ws2/src/install/my_cpp_pkg/lib/pkgconfig/my_cpp_pkg.pc'
[11.823s] Level 1:colcon.colcon_core.environment:checking '/home/sachin/ros2_ws2/src/install/my_cpp_pkg/lib/python3.12/site-packages'
[11.824s] Level 1:colcon.colcon_core.environment:checking '/home/sachin/ros2_ws2/src/install/my_cpp_pkg/bin'
[11.824s] INFO:colcon.colcon_core.shell:Creating package script '/home/sachin/ros2_ws2/src/install/my_cpp_pkg/share/my_cpp_pkg/package.ps1'
[11.826s] INFO:colcon.colcon_core.shell:Creating package descriptor '/home/sachin/ros2_ws2/src/install/my_cpp_pkg/share/my_cpp_pkg/package.dsv'
[11.827s] INFO:colcon.colcon_core.shell:Creating package script '/home/sachin/ros2_ws2/src/install/my_cpp_pkg/share/my_cpp_pkg/package.sh'
[11.828s] INFO:colcon.colcon_core.shell:Creating package script '/home/sachin/ros2_ws2/src/install/my_cpp_pkg/share/my_cpp_pkg/package.bash'
[11.829s] INFO:colcon.colcon_core.shell:Creating package script '/home/sachin/ros2_ws2/src/install/my_cpp_pkg/share/my_cpp_pkg/package.zsh'
[11.831s] Level 1:colcon.colcon_core.environment:create_file_with_runtime_dependencies(/home/sachin/ros2_ws2/src/install/my_cpp_pkg/share/colcon-core/packages/my_cpp_pkg)
[11.832s] Level 1:colcon.colcon_core.environment:create_environment_scripts_only(my_cpp_pkg)
[11.833s] Level 1:colcon.colcon_core.environment:checking '/home/sachin/ros2_ws2/src/install/my_cpp_pkg' for CMake module files
[11.834s] Level 1:colcon.colcon_core.environment:checking '/home/sachin/ros2_ws2/src/install/my_cpp_pkg' for CMake config files
[11.834s] Level 1:colcon.colcon_core.shell:create_environment_hook('my_cpp_pkg', 'cmake_prefix_path')
[11.834s] INFO:colcon.colcon_core.shell:Creating environment hook '/home/sachin/ros2_ws2/src/install/my_cpp_pkg/share/my_cpp_pkg/hook/cmake_prefix_path.ps1'
[11.836s] INFO:colcon.colcon_core.shell:Creating environment descriptor '/home/sachin/ros2_ws2/src/install/my_cpp_pkg/share/my_cpp_pkg/hook/cmake_prefix_path.dsv'
[11.836s] INFO:colcon.colcon_core.shell:Creating environment hook '/home/sachin/ros2_ws2/src/install/my_cpp_pkg/share/my_cpp_pkg/hook/cmake_prefix_path.sh'
[11.839s] Level 1:colcon.colcon_core.environment:checking '/home/sachin/ros2_ws2/src/install/my_cpp_pkg/lib'
[11.839s] Level 1:colcon.colcon_core.environment:checking '/home/sachin/ros2_ws2/src/install/my_cpp_pkg/bin'
[11.839s] Level 1:colcon.colcon_core.environment:checking '/home/sachin/ros2_ws2/src/install/my_cpp_pkg/lib/pkgconfig/my_cpp_pkg.pc'
[11.840s] Level 1:colcon.colcon_core.environment:checking '/home/sachin/ros2_ws2/src/install/my_cpp_pkg/lib/python3.12/site-packages'
[11.842s] Level 1:colcon.colcon_core.environment:checking '/home/sachin/ros2_ws2/src/install/my_cpp_pkg/bin'
[11.843s] INFO:colcon.colcon_core.shell:Creating package script '/home/sachin/ros2_ws2/src/install/my_cpp_pkg/share/my_cpp_pkg/package.ps1'
[11.844s] INFO:colcon.colcon_core.shell:Creating package descriptor '/home/sachin/ros2_ws2/src/install/my_cpp_pkg/share/my_cpp_pkg/package.dsv'
[11.846s] INFO:colcon.colcon_core.shell:Creating package script '/home/sachin/ros2_ws2/src/install/my_cpp_pkg/share/my_cpp_pkg/package.sh'
[11.848s] INFO:colcon.colcon_core.shell:Creating package script '/home/sachin/ros2_ws2/src/install/my_cpp_pkg/share/my_cpp_pkg/package.bash'
[11.849s] INFO:colcon.colcon_core.shell:Creating package script '/home/sachin/ros2_ws2/src/install/my_cpp_pkg/share/my_cpp_pkg/package.zsh'
[11.850s] Level 1:colcon.colcon_core.environment:create_file_with_runtime_dependencies(/home/sachin/ros2_ws2/src/install/my_cpp_pkg/share/colcon-core/packages/my_cpp_pkg)
[11.853s] DEBUG:colcon.colcon_parallel_executor.executor.parallel:closing loop
[11.853s] DEBUG:colcon.colcon_parallel_executor.executor.parallel:loop closed
[11.853s] DEBUG:colcon.colcon_parallel_executor.executor.parallel:run_until_complete finished with '0'
[11.853s] DEBUG:colcon.colcon_core.event_reactor:joining thread
[12.053s] INFO:colcon.colcon_core.plugin_system:Skipping extension 'colcon_notification.desktop_notification.notify_send': Could not find 'notify-send'
[12.054s] INFO:colcon.colcon_core.plugin_system:Skipping extension 'colcon_notification.desktop_notification.terminal_notifier': Not used on non-Darwin systems
[12.054s] INFO:colcon.colcon_core.plugin_system:Skipping extension 'colcon_notification.desktop_notification.win32': Not used on non-Windows systems
[12.054s] INFO:colcon.colcon_notification.desktop_notification:Sending desktop notification using 'notify2'
[12.061s] DEBUG:colcon.colcon_notification.desktop_notification.notify2:Failed to initialize notify2: org.freedesktop.DBus.Error.ServiceUnknown: The name org.freedesktop.Notifications was not provided by any .service files
[12.061s] DEBUG:colcon.colcon_core.event_reactor:joined thread
[12.062s] INFO:colcon.colcon_core.shell:Creating prefix script '/home/sachin/ros2_ws2/src/install/local_setup.ps1'
[12.064s] INFO:colcon.colcon_core.shell:Creating prefix util module '/home/sachin/ros2_ws2/src/install/_local_setup_util_ps1.py'
[12.068s] INFO:colcon.colcon_core.shell:Creating prefix chain script '/home/sachin/ros2_ws2/src/install/setup.ps1'
[12.075s] INFO:colcon.colcon_core.shell:Creating prefix script '/home/sachin/ros2_ws2/src/install/local_setup.sh'
[12.079s] INFO:colcon.colcon_core.shell:Creating prefix util module '/home/sachin/ros2_ws2/src/install/_local_setup_util_sh.py'
[12.080s] INFO:colcon.colcon_core.shell:Creating prefix chain script '/home/sachin/ros2_ws2/src/install/setup.sh'
[12.082s] INFO:colcon.colcon_core.shell:Creating prefix script '/home/sachin/ros2_ws2/src/install/local_setup.bash'
[12.083s] INFO:colcon.colcon_core.shell:Creating prefix chain script '/home/sachin/ros2_ws2/src/install/setup.bash'
[12.090s] INFO:colcon.colcon_core.shell:Creating prefix script '/home/sachin/ros2_ws2/src/install/local_setup.zsh'
[12.091s] INFO:colcon.colcon_core.shell:Creating prefix chain script '/home/sachin/ros2_ws2/src/install/setup.zsh'
