[0.083s] Invoking command in '/home/sachin/ros2_ws2/src/build/my_cpp_pkg': CMAKE_PREFIX_PATH=${CMAKE_PREFIX_PATH}:/home/sachin/robosim/install/restaurant_robot:/home/sachin/turtlebot3_ws/install/turtlebot3_teleop:/home/sachin/turtlebot3_ws/install/turtlebot3_example:/opt/ros/jazzy /usr/bin/cmake /home/sachin/ros2_ws2/src/my_cpp_pkg -DCMAKE_INSTALL_PREFIX=/home/sachin/ros2_ws2/src/install/my_cpp_pkg
[1.004s] -- The C compiler identification is GNU 13.3.0
[3.543s] -- The CXX compiler identification is GNU 13.3.0
[5.740s] -- Detecting C compiler ABI info
[6.618s] -- Detecting C compiler ABI info - done
[6.638s] -- Check for working C compiler: /usr/bin/cc - skipped
[6.644s] -- Detecting C compile features
[6.647s] -- Detecting C compile features - done
[7.011s] -- Detecting CXX compiler ABI info
[7.889s] -- Detecting CXX compiler ABI info - done
[7.908s] -- Check for working CXX compiler: /usr/bin/c++ - skipped
[7.912s] -- Detecting CXX compile features
[7.912s] -- Detecting CXX compile features - done
[7.976s] -- Found ament_cmake: 2.5.5 (/opt/ros/jazzy/share/ament_cmake/cmake)
[8.478s] -- Found Python3: /usr/bin/python3 (found version "3.12.3") found components: Interpreter 
[8.991s] -- Found rclcpp: 28.1.16 (/opt/ros/jazzy/share/rclcpp/cmake)
[9.775s] -- Found rosidl_generator_c: 4.6.7 (/opt/ros/jazzy/share/rosidl_generator_c/cmake)
[9.860s] -- Found rosidl_generator_cpp: 4.6.7 (/opt/ros/jazzy/share/rosidl_generator_cpp/cmake)
[9.970s] -- Using all available rosidl_typesupport_c: rosidl_typesupport_fastrtps_c;rosidl_typesupport_introspection_c
[10.084s] -- Using all available rosidl_typesupport_cpp: rosidl_typesupport_fastrtps_cpp;rosidl_typesupport_introspection_cpp
[10.531s] -- Found rmw_implementation_cmake: 7.3.3 (/opt/ros/jazzy/share/rmw_implementation_cmake/cmake)
[10.552s] -- Found rmw_fastrtps_cpp: 8.4.3 (/opt/ros/jazzy/share/rmw_fastrtps_cpp/cmake)
[10.983s] -- Found OpenSSL: /usr/lib/x86_64-linux-gnu/libcrypto.so (found version "3.0.13")  
[11.694s] -- Found FastRTPS: /opt/ros/jazzy/include (Required is at least version "2.13") 
[12.113s] -- Using RMW implementation 'rmw_fastrtps_cpp' as default
[13.151s] -- Found ament_lint_auto: 0.17.4 (/opt/ros/jazzy/share/ament_lint_auto/cmake)
[13.590s] -- Added test 'lint_cmake' to check CMake code style
[13.601s] -- Added test 'xmllint' to check XML markup files
[13.609s] -- Configuring done (13.4s)
[13.644s] -- Generating done (0.0s)
[13.658s] -- Build files have been written to: /home/sachin/ros2_ws2/src/build/my_cpp_pkg
[13.691s] Invoked command in '/home/sachin/ros2_ws2/src/build/my_cpp_pkg' returned '0': CMAKE_PREFIX_PATH=${CMAKE_PREFIX_PATH}:/home/sachin/robosim/install/restaurant_robot:/home/sachin/turtlebot3_ws/install/turtlebot3_teleop:/home/sachin/turtlebot3_ws/install/turtlebot3_example:/opt/ros/jazzy /usr/bin/cmake /home/sachin/ros2_ws2/src/my_cpp_pkg -DCMAKE_INSTALL_PREFIX=/home/sachin/ros2_ws2/src/install/my_cpp_pkg
[13.692s] Invoking command in '/home/sachin/ros2_ws2/src/build/my_cpp_pkg': CMAKE_PREFIX_PATH=${CMAKE_PREFIX_PATH}:/home/sachin/robosim/install/restaurant_robot:/home/sachin/turtlebot3_ws/install/turtlebot3_teleop:/home/sachin/turtlebot3_ws/install/turtlebot3_example:/opt/ros/jazzy /usr/bin/cmake --build /home/sachin/ros2_ws2/src/build/my_cpp_pkg -- -j12 -l12
[13.820s] Invoked command in '/home/sachin/ros2_ws2/src/build/my_cpp_pkg' returned '0': CMAKE_PREFIX_PATH=${CMAKE_PREFIX_PATH}:/home/sachin/robosim/install/restaurant_robot:/home/sachin/turtlebot3_ws/install/turtlebot3_teleop:/home/sachin/turtlebot3_ws/install/turtlebot3_example:/opt/ros/jazzy /usr/bin/cmake --build /home/sachin/ros2_ws2/src/build/my_cpp_pkg -- -j12 -l12
[13.845s] Invoking command in '/home/sachin/ros2_ws2/src/build/my_cpp_pkg': CMAKE_PREFIX_PATH=${CMAKE_PREFIX_PATH}:/home/sachin/robosim/install/restaurant_robot:/home/sachin/turtlebot3_ws/install/turtlebot3_teleop:/home/sachin/turtlebot3_ws/install/turtlebot3_example:/opt/ros/jazzy /usr/bin/cmake --install /home/sachin/ros2_ws2/src/build/my_cpp_pkg
[13.868s] -- Install configuration: ""
[13.872s] -- Installing: /home/sachin/ros2_ws2/src/install/my_cpp_pkg/share/ament_index/resource_index/package_run_dependencies/my_cpp_pkg
[13.873s] -- Installing: /home/sachin/ros2_ws2/src/install/my_cpp_pkg/share/ament_index/resource_index/parent_prefix_path/my_cpp_pkg
[13.874s] -- Installing: /home/sachin/ros2_ws2/src/install/my_cpp_pkg/share/my_cpp_pkg/environment/ament_prefix_path.sh
[13.875s] -- Installing: /home/sachin/ros2_ws2/src/install/my_cpp_pkg/share/my_cpp_pkg/environment/ament_prefix_path.dsv
[13.877s] -- Installing: /home/sachin/ros2_ws2/src/install/my_cpp_pkg/share/my_cpp_pkg/environment/path.sh
[13.879s] -- Installing: /home/sachin/ros2_ws2/src/install/my_cpp_pkg/share/my_cpp_pkg/environment/path.dsv
[13.879s] -- Installing: /home/sachin/ros2_ws2/src/install/my_cpp_pkg/share/my_cpp_pkg/local_setup.bash
[13.882s] -- Installing: /home/sachin/ros2_ws2/src/install/my_cpp_pkg/share/my_cpp_pkg/local_setup.sh
[13.882s] -- Installing: /home/sachin/ros2_ws2/src/install/my_cpp_pkg/share/my_cpp_pkg/local_setup.zsh
[13.882s] -- Installing: /home/sachin/ros2_ws2/src/install/my_cpp_pkg/share/my_cpp_pkg/local_setup.dsv
[13.882s] -- Installing: /home/sachin/ros2_ws2/src/install/my_cpp_pkg/share/my_cpp_pkg/package.dsv
[13.882s] -- Installing: /home/sachin/ros2_ws2/src/install/my_cpp_pkg/share/ament_index/resource_index/packages/my_cpp_pkg
[13.882s] -- Installing: /home/sachin/ros2_ws2/src/install/my_cpp_pkg/share/my_cpp_pkg/cmake/my_cpp_pkgConfig.cmake
[13.882s] -- Installing: /home/sachin/ros2_ws2/src/install/my_cpp_pkg/share/my_cpp_pkg/cmake/my_cpp_pkgConfig-version.cmake
[13.883s] -- Installing: /home/sachin/ros2_ws2/src/install/my_cpp_pkg/share/my_cpp_pkg/package.xml
[13.888s] Invoked command in '/home/sachin/ros2_ws2/src/build/my_cpp_pkg' returned '0': CMAKE_PREFIX_PATH=${CMAKE_PREFIX_PATH}:/home/sachin/robosim/install/restaurant_robot:/home/sachin/turtlebot3_ws/install/turtlebot3_teleop:/home/sachin/turtlebot3_ws/install/turtlebot3_example:/opt/ros/jazzy /usr/bin/cmake --install /home/sachin/ros2_ws2/src/build/my_cpp_pkg
