[0.846s] DEBUG:colcon:Command line arguments: ['/usr/bin/colcon', 'build']
[0.846s] DEBUG:colcon:Parsed command line arguments: Namespace(log_base=None, log_level=None, verb_name='build', build_base='build', install_base='install', merge_install=False, symlink_install=False, test_result_base=None, continue_on_error=False, executor='parallel', parallel_workers=12, event_handlers=None, ignore_user_meta=False, metas=['./colcon.meta'], base_paths=['.'], packages_ignore=None, packages_ignore_regex=None, paths=None, packages_up_to=None, packages_up_to_regex=None, packages_above=None, packages_above_and_dependencies=None, packages_above_depth=None, packages_select_by_dep=None, packages_skip_by_dep=None, packages_skip_up_to=None, packages_select_build_failed=False, packages_skip_build_finished=False, packages_select_test_failures=False, packages_skip_test_passed=False, packages_select=None, packages_skip=None, packages_select_regex=None, packages_skip_regex=None, packages_start=None, packages_end=None, allow_overriding=[], cmake_args=None, cmake_target=None, cmake_target_skip_unavailable=False, cmake_clean_cache=False, cmake_clean_first=False, cmake_force_configure=False, ament_cmake_args=None, catkin_cmake_args=None, catkin_skip_building_tests=False, verb_parser=<colcon_defaults.argument_parser.defaults.DefaultArgumentsDecorator object at 0x7a1ab3a8ce90>, verb_extension=<colcon_core.verb.build.BuildVerb object at 0x7a1ab3bb57f0>, main=<bound method BuildVerb.main of <colcon_core.verb.build.BuildVerb object at 0x7a1ab3bb57f0>>)
[1.074s] Level 1:colcon.colcon_core.package_discovery:discover_packages(colcon_meta) check parameters
[1.074s] Level 1:colcon.colcon_core.package_discovery:discover_packages(recursive) check parameters
[1.075s] Level 1:colcon.colcon_core.package_discovery:discover_packages(ignore) check parameters
[1.075s] Level 1:colcon.colcon_core.package_discovery:discover_packages(path) check parameters
[1.075s] Level 1:colcon.colcon_core.package_discovery:discover_packages(colcon_meta) discover
[1.075s] Level 1:colcon.colcon_core.package_discovery:discover_packages(recursive) discover
[1.075s] INFO:colcon.colcon_core.package_discovery:Crawling recursively for packages in '/home/sachin/ros2_ws2/src'
[1.076s] Level 1:colcon.colcon_core.package_identification:_identify(.) by extensions ['ignore', 'ignore_ament_install']
[1.077s] Level 1:colcon.colcon_core.package_identification:_identify(.) by extension 'ignore'
[1.077s] Level 1:colcon.colcon_core.package_identification:_identify(.) by extension 'ignore_ament_install'
[1.077s] Level 1:colcon.colcon_core.package_identification:_identify(.) by extensions ['colcon_pkg']
[1.077s] Level 1:colcon.colcon_core.package_identification:_identify(.) by extension 'colcon_pkg'
[1.077s] Level 1:colcon.colcon_core.package_identification:_identify(.) by extensions ['colcon_meta']
[1.077s] Level 1:colcon.colcon_core.package_identification:_identify(.) by extension 'colcon_meta'
[1.077s] Level 1:colcon.colcon_core.package_identification:_identify(.) by extensions ['ros']
[1.078s] Level 1:colcon.colcon_core.package_identification:_identify(.) by extension 'ros'
[1.153s] Level 1:colcon.colcon_core.package_identification:_identify(.) by extensions ['cmake', 'python']
[1.153s] Level 1:colcon.colcon_core.package_identification:_identify(.) by extension 'cmake'
[1.154s] Level 1:colcon.colcon_core.package_identification:_identify(.) by extension 'python'
[1.154s] Level 1:colcon.colcon_core.package_identification:_identify(.) by extensions ['python_setup_py']
[1.154s] Level 1:colcon.colcon_core.package_identification:_identify(.) by extension 'python_setup_py'
[1.154s] Level 1:colcon.colcon_core.package_identification:_identify(build) by extensions ['ignore', 'ignore_ament_install']
[1.154s] Level 1:colcon.colcon_core.package_identification:_identify(build) by extension 'ignore'
[1.155s] Level 1:colcon.colcon_core.package_identification:_identify(build) ignored
[1.155s] Level 1:colcon.colcon_core.package_identification:_identify(install) by extensions ['ignore', 'ignore_ament_install']
[1.155s] Level 1:colcon.colcon_core.package_identification:_identify(install) by extension 'ignore'
[1.155s] Level 1:colcon.colcon_core.package_identification:_identify(install) ignored
[1.156s] Level 1:colcon.colcon_core.package_identification:_identify(log) by extensions ['ignore', 'ignore_ament_install']
[1.156s] Level 1:colcon.colcon_core.package_identification:_identify(log) by extension 'ignore'
[1.156s] Level 1:colcon.colcon_core.package_identification:_identify(log) ignored
[1.156s] Level 1:colcon.colcon_core.package_identification:_identify(my_cpp_pkg) by extensions ['ignore', 'ignore_ament_install']
[1.156s] Level 1:colcon.colcon_core.package_identification:_identify(my_cpp_pkg) by extension 'ignore'
[1.157s] Level 1:colcon.colcon_core.package_identification:_identify(my_cpp_pkg) by extension 'ignore_ament_install'
[1.157s] Level 1:colcon.colcon_core.package_identification:_identify(my_cpp_pkg) by extensions ['colcon_pkg']
[1.157s] Level 1:colcon.colcon_core.package_identification:_identify(my_cpp_pkg) by extension 'colcon_pkg'
[1.157s] Level 1:colcon.colcon_core.package_identification:_identify(my_cpp_pkg) by extensions ['colcon_meta']
[1.157s] Level 1:colcon.colcon_core.package_identification:_identify(my_cpp_pkg) by extension 'colcon_meta'
[1.157s] Level 1:colcon.colcon_core.package_identification:_identify(my_cpp_pkg) by extensions ['ros']
[1.157s] Level 1:colcon.colcon_core.package_identification:_identify(my_cpp_pkg) by extension 'ros'
[1.166s] DEBUG:colcon.colcon_core.package_identification:Package 'my_cpp_pkg' with type 'ros.ament_cmake' and name 'my_cpp_pkg'
[1.166s] Level 1:colcon.colcon_core.package_identification:_identify(my_py_pkg) by extensions ['ignore', 'ignore_ament_install']
[1.166s] Level 1:colcon.colcon_core.package_identification:_identify(my_py_pkg) by extension 'ignore'
[1.167s] Level 1:colcon.colcon_core.package_identification:_identify(my_py_pkg) by extension 'ignore_ament_install'
[1.167s] Level 1:colcon.colcon_core.package_identification:_identify(my_py_pkg) by extensions ['colcon_pkg']
[1.167s] Level 1:colcon.colcon_core.package_identification:_identify(my_py_pkg) by extension 'colcon_pkg'
[1.167s] Level 1:colcon.colcon_core.package_identification:_identify(my_py_pkg) by extensions ['colcon_meta']
[1.167s] Level 1:colcon.colcon_core.package_identification:_identify(my_py_pkg) by extension 'colcon_meta'
[1.167s] Level 1:colcon.colcon_core.package_identification:_identify(my_py_pkg) by extensions ['ros']
[1.167s] Level 1:colcon.colcon_core.package_identification:_identify(my_py_pkg) by extension 'ros'
[1.170s] DEBUG:colcon.colcon_core.package_identification:Package 'my_py_pkg' with type 'ros.ament_python' and name 'my_py_pkg'
[1.170s] Level 1:colcon.colcon_core.package_discovery:discover_packages(recursive) using defaults
[1.171s] Level 1:colcon.colcon_core.package_discovery:discover_packages(ignore) discover
[1.171s] Level 1:colcon.colcon_core.package_discovery:discover_packages(ignore) using defaults
[1.171s] Level 1:colcon.colcon_core.package_discovery:discover_packages(path) discover
[1.171s] Level 1:colcon.colcon_core.package_discovery:discover_packages(path) using defaults
[1.249s] Level 1:colcon.colcon_core.package_discovery:discover_packages(prefix_path) check parameters
[1.249s] Level 1:colcon.colcon_core.package_discovery:discover_packages(prefix_path) discover
[1.273s] DEBUG:colcon.colcon_installed_package_information.package_discovery:Found 1 installed packages in /home/sachin/robosim/install
[1.275s] DEBUG:colcon.colcon_installed_package_information.package_discovery:Found 15 installed packages in /home/sachin/turtlebot3_ws/install
[1.286s] DEBUG:colcon.colcon_installed_package_information.package_discovery:Found 488 installed packages in /opt/ros/jazzy
[1.295s] Level 1:colcon.colcon_core.package_discovery:discover_packages(prefix_path) using defaults
[1.542s] Level 5:colcon.colcon_core.verb:set package 'my_cpp_pkg' build argument 'cmake_args' from command line to 'None'
[1.542s] Level 5:colcon.colcon_core.verb:set package 'my_cpp_pkg' build argument 'cmake_target' from command line to 'None'
[1.542s] Level 5:colcon.colcon_core.verb:set package 'my_cpp_pkg' build argument 'cmake_target_skip_unavailable' from command line to 'False'
[1.542s] Level 5:colcon.colcon_core.verb:set package 'my_cpp_pkg' build argument 'cmake_clean_cache' from command line to 'False'
[1.542s] Level 5:colcon.colcon_core.verb:set package 'my_cpp_pkg' build argument 'cmake_clean_first' from command line to 'False'
[1.542s] Level 5:colcon.colcon_core.verb:set package 'my_cpp_pkg' build argument 'cmake_force_configure' from command line to 'False'
[1.542s] Level 5:colcon.colcon_core.verb:set package 'my_cpp_pkg' build argument 'ament_cmake_args' from command line to 'None'
[1.542s] Level 5:colcon.colcon_core.verb:set package 'my_cpp_pkg' build argument 'catkin_cmake_args' from command line to 'None'
[1.542s] Level 5:colcon.colcon_core.verb:set package 'my_cpp_pkg' build argument 'catkin_skip_building_tests' from command line to 'False'
[1.543s] DEBUG:colcon.colcon_core.verb:Building package 'my_cpp_pkg' with the following arguments: {'ament_cmake_args': None, 'build_base': '/home/sachin/ros2_ws2/src/build/my_cpp_pkg', 'catkin_cmake_args': None, 'catkin_skip_building_tests': False, 'cmake_args': None, 'cmake_clean_cache': False, 'cmake_clean_first': False, 'cmake_force_configure': False, 'cmake_target': None, 'cmake_target_skip_unavailable': False, 'install_base': '/home/sachin/ros2_ws2/src/install/my_cpp_pkg', 'merge_install': False, 'path': '/home/sachin/ros2_ws2/src/my_cpp_pkg', 'symlink_install': False, 'test_result_base': None}
[1.544s] Level 5:colcon.colcon_core.verb:set package 'my_py_pkg' build argument 'cmake_args' from command line to 'None'
[1.544s] Level 5:colcon.colcon_core.verb:set package 'my_py_pkg' build argument 'cmake_target' from command line to 'None'
[1.544s] Level 5:colcon.colcon_core.verb:set package 'my_py_pkg' build argument 'cmake_target_skip_unavailable' from command line to 'False'
[1.544s] Level 5:colcon.colcon_core.verb:set package 'my_py_pkg' build argument 'cmake_clean_cache' from command line to 'False'
[1.544s] Level 5:colcon.colcon_core.verb:set package 'my_py_pkg' build argument 'cmake_clean_first' from command line to 'False'
[1.544s] Level 5:colcon.colcon_core.verb:set package 'my_py_pkg' build argument 'cmake_force_configure' from command line to 'False'
[1.544s] Level 5:colcon.colcon_core.verb:set package 'my_py_pkg' build argument 'ament_cmake_args' from command line to 'None'
[1.544s] Level 5:colcon.colcon_core.verb:set package 'my_py_pkg' build argument 'catkin_cmake_args' from command line to 'None'
[1.544s] Level 5:colcon.colcon_core.verb:set package 'my_py_pkg' build argument 'catkin_skip_building_tests' from command line to 'False'
[1.544s] DEBUG:colcon.colcon_core.verb:Building package 'my_py_pkg' with the following arguments: {'ament_cmake_args': None, 'build_base': '/home/sachin/ros2_ws2/src/build/my_py_pkg', 'catkin_cmake_args': None, 'catkin_skip_building_tests': False, 'cmake_args': None, 'cmake_clean_cache': False, 'cmake_clean_first': False, 'cmake_force_configure': False, 'cmake_target': None, 'cmake_target_skip_unavailable': False, 'install_base': '/home/sachin/ros2_ws2/src/install/my_py_pkg', 'merge_install': False, 'path': '/home/sachin/ros2_ws2/src/my_py_pkg', 'symlink_install': False, 'test_result_base': None}
[1.545s] INFO:colcon.colcon_core.executor:Executing jobs using 'parallel' executor
[1.548s] DEBUG:colcon.colcon_parallel_executor.executor.parallel:run_until_complete
[1.549s] INFO:colcon.colcon_ros.task.ament_cmake.build:Building ROS package in '/home/sachin/ros2_ws2/src/my_cpp_pkg' with build type 'ament_cmake'
[1.549s] INFO:colcon.colcon_cmake.task.cmake.build:Building CMake package in '/home/sachin/ros2_ws2/src/my_cpp_pkg'
[1.568s] INFO:colcon.colcon_core.plugin_system:Skipping extension 'colcon_core.shell.bat': Not used on non-Windows systems
[1.569s] INFO:colcon.colcon_core.shell:Skip shell extension 'powershell' for command environment: Not usable outside of PowerShell
[1.569s] DEBUG:colcon.colcon_core.shell:Skip shell extension 'dsv' for command environment
[1.591s] INFO:colcon.colcon_ros.task.ament_python.build:Building ROS package in '/home/sachin/ros2_ws2/src/my_py_pkg' with build type 'ament_python'
[1.592s] Level 1:colcon.colcon_core.shell:create_environment_hook('my_py_pkg', 'ament_prefix_path')
[1.594s] INFO:colcon.colcon_core.shell:Creating environment hook '/home/sachin/ros2_ws2/src/install/my_py_pkg/share/my_py_pkg/hook/ament_prefix_path.ps1'
[1.602s] INFO:colcon.colcon_core.shell:Creating environment descriptor '/home/sachin/ros2_ws2/src/install/my_py_pkg/share/my_py_pkg/hook/ament_prefix_path.dsv'
[1.605s] INFO:colcon.colcon_core.shell:Creating environment hook '/home/sachin/ros2_ws2/src/install/my_py_pkg/share/my_py_pkg/hook/ament_prefix_path.sh'
[1.607s] INFO:colcon.colcon_core.shell:Skip shell extension 'powershell' for command environment: Not usable outside of PowerShell
[1.607s] DEBUG:colcon.colcon_core.shell:Skip shell extension 'dsv' for command environment
[1.636s] DEBUG:colcon.colcon_core.event_handler.log_command:Invoking command in '/home/sachin/ros2_ws2/src/build/my_cpp_pkg': CMAKE_PREFIX_PATH=${CMAKE_PREFIX_PATH}:/home/sachin/robosim/install/restaurant_robot:/home/sachin/turtlebot3_ws/install/turtlebot3_teleop:/home/sachin/turtlebot3_ws/install/turtlebot3_example:/opt/ros/jazzy /usr/bin/cmake /home/sachin/ros2_ws2/src/my_cpp_pkg -DCMAKE_INSTALL_PREFIX=/home/sachin/ros2_ws2/src/install/my_cpp_pkg
[2.396s] INFO:colcon.colcon_core.task.python.build:Building Python package in '/home/sachin/ros2_ws2/src/my_py_pkg'
[2.397s] INFO:colcon.colcon_core.shell:Skip shell extension 'powershell' for command environment: Not usable outside of PowerShell
[2.397s] DEBUG:colcon.colcon_core.shell:Skip shell extension 'dsv' for command environment
[5.537s] DEBUG:colcon.colcon_core.event_handler.log_command:Invoking command in '/home/sachin/ros2_ws2/src/my_py_pkg': PYTHONPATH=/home/sachin/ros2_ws2/src/build/my_py_pkg/prefix_override:/usr/lib/python3/dist-packages/colcon_core/task/python/colcon_distutils_commands:/home/sachin/ros2_ws2/src/install/my_py_pkg/lib/python3.12/site-packages:${PYTHONPATH} /usr/bin/python3 -W ignore:setup.py install is deprecated -W ignore:easy_install command is deprecated setup.py egg_info --egg-base ../build/my_py_pkg build --build-base /home/sachin/ros2_ws2/src/build/my_py_pkg/build install --record /home/sachin/ros2_ws2/src/build/my_py_pkg/install.log --single-version-externally-managed install_data
[7.284s] DEBUG:colcon.colcon_core.event_handler.log_command:Invoked command in '/home/sachin/ros2_ws2/src/my_py_pkg' returned '0': PYTHONPATH=/home/sachin/ros2_ws2/src/build/my_py_pkg/prefix_override:/usr/lib/python3/dist-packages/colcon_core/task/python/colcon_distutils_commands:/home/sachin/ros2_ws2/src/install/my_py_pkg/lib/python3.12/site-packages:${PYTHONPATH} /usr/bin/python3 -W ignore:setup.py install is deprecated -W ignore:easy_install command is deprecated setup.py egg_info --egg-base ../build/my_py_pkg build --build-base /home/sachin/ros2_ws2/src/build/my_py_pkg/build install --record /home/sachin/ros2_ws2/src/build/my_py_pkg/install.log --single-version-externally-managed install_data
[7.306s] Level 1:colcon.colcon_core.environment:checking '/home/sachin/ros2_ws2/src/install/my_py_pkg' for CMake module files
[7.307s] Level 1:colcon.colcon_core.environment:checking '/home/sachin/ros2_ws2/src/install/my_py_pkg' for CMake config files
[7.311s] Level 1:colcon.colcon_core.environment:checking '/home/sachin/ros2_ws2/src/install/my_py_pkg/lib'
[7.311s] Level 1:colcon.colcon_core.environment:checking '/home/sachin/ros2_ws2/src/install/my_py_pkg/bin'
[7.311s] Level 1:colcon.colcon_core.environment:checking '/home/sachin/ros2_ws2/src/install/my_py_pkg/lib/pkgconfig/my_py_pkg.pc'
[7.313s] Level 1:colcon.colcon_core.environment:checking '/home/sachin/ros2_ws2/src/install/my_py_pkg/lib/python3.12/site-packages'
[7.313s] Level 1:colcon.colcon_core.shell:create_environment_hook('my_py_pkg', 'pythonpath')
[7.314s] INFO:colcon.colcon_core.shell:Creating environment hook '/home/sachin/ros2_ws2/src/install/my_py_pkg/share/my_py_pkg/hook/pythonpath.ps1'
[7.315s] INFO:colcon.colcon_core.shell:Creating environment descriptor '/home/sachin/ros2_ws2/src/install/my_py_pkg/share/my_py_pkg/hook/pythonpath.dsv'
[7.316s] INFO:colcon.colcon_core.shell:Creating environment hook '/home/sachin/ros2_ws2/src/install/my_py_pkg/share/my_py_pkg/hook/pythonpath.sh'
[7.318s] Level 1:colcon.colcon_core.environment:checking '/home/sachin/ros2_ws2/src/install/my_py_pkg/bin'
[7.319s] Level 1:colcon.colcon_core.environment:create_environment_scripts_only(my_py_pkg)
[7.319s] INFO:colcon.colcon_core.shell:Creating package script '/home/sachin/ros2_ws2/src/install/my_py_pkg/share/my_py_pkg/package.ps1'
[7.322s] INFO:colcon.colcon_core.shell:Creating package descriptor '/home/sachin/ros2_ws2/src/install/my_py_pkg/share/my_py_pkg/package.dsv'
[7.329s] INFO:colcon.colcon_core.shell:Creating package script '/home/sachin/ros2_ws2/src/install/my_py_pkg/share/my_py_pkg/package.sh'
[7.331s] INFO:colcon.colcon_core.shell:Creating package script '/home/sachin/ros2_ws2/src/install/my_py_pkg/share/my_py_pkg/package.bash'
[7.334s] INFO:colcon.colcon_core.shell:Creating package script '/home/sachin/ros2_ws2/src/install/my_py_pkg/share/my_py_pkg/package.zsh'
[7.336s] Level 1:colcon.colcon_core.environment:create_file_with_runtime_dependencies(/home/sachin/ros2_ws2/src/install/my_py_pkg/share/colcon-core/packages/my_py_pkg)
[15.243s] DEBUG:colcon.colcon_core.event_handler.log_command:Invoked command in '/home/sachin/ros2_ws2/src/build/my_cpp_pkg' returned '0': CMAKE_PREFIX_PATH=${CMAKE_PREFIX_PATH}:/home/sachin/robosim/install/restaurant_robot:/home/sachin/turtlebot3_ws/install/turtlebot3_teleop:/home/sachin/turtlebot3_ws/install/turtlebot3_example:/opt/ros/jazzy /usr/bin/cmake /home/sachin/ros2_ws2/src/my_cpp_pkg -DCMAKE_INSTALL_PREFIX=/home/sachin/ros2_ws2/src/install/my_cpp_pkg
[15.244s] DEBUG:colcon.colcon_core.event_handler.log_command:Invoking command in '/home/sachin/ros2_ws2/src/build/my_cpp_pkg': CMAKE_PREFIX_PATH=${CMAKE_PREFIX_PATH}:/home/sachin/robosim/install/restaurant_robot:/home/sachin/turtlebot3_ws/install/turtlebot3_teleop:/home/sachin/turtlebot3_ws/install/turtlebot3_example:/opt/ros/jazzy /usr/bin/cmake --build /home/sachin/ros2_ws2/src/build/my_cpp_pkg -- -j12 -l12
[15.373s] DEBUG:colcon.colcon_core.event_handler.log_command:Invoked command in '/home/sachin/ros2_ws2/src/build/my_cpp_pkg' returned '0': CMAKE_PREFIX_PATH=${CMAKE_PREFIX_PATH}:/home/sachin/robosim/install/restaurant_robot:/home/sachin/turtlebot3_ws/install/turtlebot3_teleop:/home/sachin/turtlebot3_ws/install/turtlebot3_example:/opt/ros/jazzy /usr/bin/cmake --build /home/sachin/ros2_ws2/src/build/my_cpp_pkg -- -j12 -l12
[15.398s] DEBUG:colcon.colcon_core.event_handler.log_command:Invoking command in '/home/sachin/ros2_ws2/src/build/my_cpp_pkg': CMAKE_PREFIX_PATH=${CMAKE_PREFIX_PATH}:/home/sachin/robosim/install/restaurant_robot:/home/sachin/turtlebot3_ws/install/turtlebot3_teleop:/home/sachin/turtlebot3_ws/install/turtlebot3_example:/opt/ros/jazzy /usr/bin/cmake --install /home/sachin/ros2_ws2/src/build/my_cpp_pkg
[15.438s] Level 1:colcon.colcon_core.environment:create_environment_scripts_only(my_cpp_pkg)
[15.438s] Level 1:colcon.colcon_core.environment:checking '/home/sachin/ros2_ws2/src/install/my_cpp_pkg' for CMake module files
[15.440s] Level 1:colcon.colcon_core.environment:checking '/home/sachin/ros2_ws2/src/install/my_cpp_pkg' for CMake config files
[15.441s] DEBUG:colcon.colcon_core.event_handler.log_command:Invoked command in '/home/sachin/ros2_ws2/src/build/my_cpp_pkg' returned '0': CMAKE_PREFIX_PATH=${CMAKE_PREFIX_PATH}:/home/sachin/robosim/install/restaurant_robot:/home/sachin/turtlebot3_ws/install/turtlebot3_teleop:/home/sachin/turtlebot3_ws/install/turtlebot3_example:/opt/ros/jazzy /usr/bin/cmake --install /home/sachin/ros2_ws2/src/build/my_cpp_pkg
[15.442s] Level 1:colcon.colcon_core.shell:create_environment_hook('my_cpp_pkg', 'cmake_prefix_path')
[15.443s] INFO:colcon.colcon_core.shell:Creating environment hook '/home/sachin/ros2_ws2/src/install/my_cpp_pkg/share/my_cpp_pkg/hook/cmake_prefix_path.ps1'
[15.445s] INFO:colcon.colcon_core.shell:Creating environment descriptor '/home/sachin/ros2_ws2/src/install/my_cpp_pkg/share/my_cpp_pkg/hook/cmake_prefix_path.dsv'
[15.446s] INFO:colcon.colcon_core.shell:Creating environment hook '/home/sachin/ros2_ws2/src/install/my_cpp_pkg/share/my_cpp_pkg/hook/cmake_prefix_path.sh'
[15.447s] Level 1:colcon.colcon_core.environment:checking '/home/sachin/ros2_ws2/src/install/my_cpp_pkg/bin'
[15.448s] Level 1:colcon.colcon_core.environment:checking '/home/sachin/ros2_ws2/src/install/my_cpp_pkg/lib/pkgconfig/my_cpp_pkg.pc'
[15.448s] Level 1:colcon.colcon_core.environment:checking '/home/sachin/ros2_ws2/src/install/my_cpp_pkg/lib/python3.12/site-packages'
[15.449s] Level 1:colcon.colcon_core.environment:checking '/home/sachin/ros2_ws2/src/install/my_cpp_pkg/bin'
[15.449s] INFO:colcon.colcon_core.shell:Creating package script '/home/sachin/ros2_ws2/src/install/my_cpp_pkg/share/my_cpp_pkg/package.ps1'
[15.450s] INFO:colcon.colcon_core.shell:Creating package descriptor '/home/sachin/ros2_ws2/src/install/my_cpp_pkg/share/my_cpp_pkg/package.dsv'
[15.451s] INFO:colcon.colcon_core.shell:Creating package script '/home/sachin/ros2_ws2/src/install/my_cpp_pkg/share/my_cpp_pkg/package.sh'
[15.452s] INFO:colcon.colcon_core.shell:Creating package script '/home/sachin/ros2_ws2/src/install/my_cpp_pkg/share/my_cpp_pkg/package.bash'
[15.453s] INFO:colcon.colcon_core.shell:Creating package script '/home/sachin/ros2_ws2/src/install/my_cpp_pkg/share/my_cpp_pkg/package.zsh'
[15.453s] Level 1:colcon.colcon_core.environment:create_file_with_runtime_dependencies(/home/sachin/ros2_ws2/src/install/my_cpp_pkg/share/colcon-core/packages/my_cpp_pkg)
[15.457s] Level 1:colcon.colcon_core.environment:create_environment_scripts_only(my_cpp_pkg)
[15.457s] Level 1:colcon.colcon_core.environment:checking '/home/sachin/ros2_ws2/src/install/my_cpp_pkg' for CMake module files
[15.459s] Level 1:colcon.colcon_core.environment:checking '/home/sachin/ros2_ws2/src/install/my_cpp_pkg' for CMake config files
[15.459s] Level 1:colcon.colcon_core.shell:create_environment_hook('my_cpp_pkg', 'cmake_prefix_path')
[15.459s] INFO:colcon.colcon_core.shell:Creating environment hook '/home/sachin/ros2_ws2/src/install/my_cpp_pkg/share/my_cpp_pkg/hook/cmake_prefix_path.ps1'
[15.460s] INFO:colcon.colcon_core.shell:Creating environment descriptor '/home/sachin/ros2_ws2/src/install/my_cpp_pkg/share/my_cpp_pkg/hook/cmake_prefix_path.dsv'
[15.461s] INFO:colcon.colcon_core.shell:Creating environment hook '/home/sachin/ros2_ws2/src/install/my_cpp_pkg/share/my_cpp_pkg/hook/cmake_prefix_path.sh'
[15.462s] Level 1:colcon.colcon_core.environment:checking '/home/sachin/ros2_ws2/src/install/my_cpp_pkg/bin'
[15.462s] Level 1:colcon.colcon_core.environment:checking '/home/sachin/ros2_ws2/src/install/my_cpp_pkg/lib/pkgconfig/my_cpp_pkg.pc'
[15.463s] Level 1:colcon.colcon_core.environment:checking '/home/sachin/ros2_ws2/src/install/my_cpp_pkg/lib/python3.12/site-packages'
[15.464s] Level 1:colcon.colcon_core.environment:checking '/home/sachin/ros2_ws2/src/install/my_cpp_pkg/bin'
[15.464s] INFO:colcon.colcon_core.shell:Creating package script '/home/sachin/ros2_ws2/src/install/my_cpp_pkg/share/my_cpp_pkg/package.ps1'
[15.465s] INFO:colcon.colcon_core.shell:Creating package descriptor '/home/sachin/ros2_ws2/src/install/my_cpp_pkg/share/my_cpp_pkg/package.dsv'
[15.466s] INFO:colcon.colcon_core.shell:Creating package script '/home/sachin/ros2_ws2/src/install/my_cpp_pkg/share/my_cpp_pkg/package.sh'
[15.467s] INFO:colcon.colcon_core.shell:Creating package script '/home/sachin/ros2_ws2/src/install/my_cpp_pkg/share/my_cpp_pkg/package.bash'
[15.468s] INFO:colcon.colcon_core.shell:Creating package script '/home/sachin/ros2_ws2/src/install/my_cpp_pkg/share/my_cpp_pkg/package.zsh'
[15.469s] Level 1:colcon.colcon_core.environment:create_file_with_runtime_dependencies(/home/sachin/ros2_ws2/src/install/my_cpp_pkg/share/colcon-core/packages/my_cpp_pkg)
[15.469s] DEBUG:colcon.colcon_parallel_executor.executor.parallel:closing loop
[15.470s] DEBUG:colcon.colcon_parallel_executor.executor.parallel:loop closed
[15.471s] DEBUG:colcon.colcon_parallel_executor.executor.parallel:run_until_complete finished with '0'
[15.471s] DEBUG:colcon.colcon_core.event_reactor:joining thread
[15.720s] INFO:colcon.colcon_core.plugin_system:Skipping extension 'colcon_notification.desktop_notification.notify_send': Could not find 'notify-send'
[15.720s] INFO:colcon.colcon_core.plugin_system:Skipping extension 'colcon_notification.desktop_notification.terminal_notifier': Not used on non-Darwin systems
[15.720s] INFO:colcon.colcon_core.plugin_system:Skipping extension 'colcon_notification.desktop_notification.win32': Not used on non-Windows systems
[15.720s] INFO:colcon.colcon_notification.desktop_notification:Sending desktop notification using 'notify2'
[15.727s] DEBUG:colcon.colcon_notification.desktop_notification.notify2:Failed to initialize notify2: org.freedesktop.DBus.Error.ServiceUnknown: The name org.freedesktop.Notifications was not provided by any .service files
[15.728s] DEBUG:colcon.colcon_core.event_reactor:joined thread
[15.728s] INFO:colcon.colcon_core.shell:Creating prefix script '/home/sachin/ros2_ws2/src/install/local_setup.ps1'
[15.731s] INFO:colcon.colcon_core.shell:Creating prefix util module '/home/sachin/ros2_ws2/src/install/_local_setup_util_ps1.py'
[15.735s] INFO:colcon.colcon_core.shell:Creating prefix chain script '/home/sachin/ros2_ws2/src/install/setup.ps1'
[15.740s] INFO:colcon.colcon_core.shell:Creating prefix script '/home/sachin/ros2_ws2/src/install/local_setup.sh'
[15.743s] INFO:colcon.colcon_core.shell:Creating prefix util module '/home/sachin/ros2_ws2/src/install/_local_setup_util_sh.py'
[15.747s] INFO:colcon.colcon_core.shell:Creating prefix chain script '/home/sachin/ros2_ws2/src/install/setup.sh'
[15.751s] INFO:colcon.colcon_core.shell:Creating prefix script '/home/sachin/ros2_ws2/src/install/local_setup.bash'
[15.754s] INFO:colcon.colcon_core.shell:Creating prefix chain script '/home/sachin/ros2_ws2/src/install/setup.bash'
[15.758s] INFO:colcon.colcon_core.shell:Creating prefix script '/home/sachin/ros2_ws2/src/install/local_setup.zsh'
[15.761s] INFO:colcon.colcon_core.shell:Creating prefix chain script '/home/sachin/ros2_ws2/src/install/setup.zsh'
