[0.486s] DEBUG:colcon:Command line arguments: ['/usr/bin/colcon', 'build']
[0.486s] DEBUG:colcon:Parsed command line arguments: Namespace(log_base=None, log_level=None, verb_name='build', build_base='build', install_base='install', merge_install=False, symlink_install=False, test_result_base=None, continue_on_error=False, executor='parallel', parallel_workers=12, event_handlers=None, ignore_user_meta=False, metas=['./colcon.meta'], base_paths=['.'], packages_ignore=None, packages_ignore_regex=None, paths=None, packages_up_to=None, packages_up_to_regex=None, packages_above=None, packages_above_and_dependencies=None, packages_above_depth=None, packages_select_by_dep=None, packages_skip_by_dep=None, packages_skip_up_to=None, packages_select_build_failed=False, packages_skip_build_finished=False, packages_select_test_failures=False, packages_skip_test_passed=False, packages_select=None, packages_skip=None, packages_select_regex=None, packages_skip_regex=None, packages_start=None, packages_end=None, allow_overriding=[], cmake_args=None, cmake_target=None, cmake_target_skip_unavailable=False, cmake_clean_cache=False, cmake_clean_first=False, cmake_force_configure=False, ament_cmake_args=None, catkin_cmake_args=None, catkin_skip_building_tests=False, verb_parser=<colcon_defaults.argument_parser.defaults.DefaultArgumentsDecorator object at 0x7f295f59ce00>, verb_extension=<colcon_core.verb.build.BuildVerb object at 0x7f295f6c4ef0>, main=<bound method BuildVerb.main of <colcon_core.verb.build.BuildVerb object at 0x7f295f6c4ef0>>)
[0.568s] Level 1:colcon.colcon_core.package_discovery:discover_packages(colcon_meta) check parameters
[0.569s] Level 1:colcon.colcon_core.package_discovery:discover_packages(recursive) check parameters
[0.569s] Level 1:colcon.colcon_core.package_discovery:discover_packages(ignore) check parameters
[0.569s] Level 1:colcon.colcon_core.package_discovery:discover_packages(path) check parameters
[0.569s] Level 1:colcon.colcon_core.package_discovery:discover_packages(colcon_meta) discover
[0.569s] Level 1:colcon.colcon_core.package_discovery:discover_packages(recursive) discover
[0.569s] INFO:colcon.colcon_core.package_discovery:Crawling recursively for packages in '/home/sachin/ros2_ws2/src'
[0.569s] Level 1:colcon.colcon_core.package_identification:_identify(.) by extensions ['ignore', 'ignore_ament_install']
[0.569s] Level 1:colcon.colcon_core.package_identification:_identify(.) by extension 'ignore'
[0.569s] Level 1:colcon.colcon_core.package_identification:_identify(.) by extension 'ignore_ament_install'
[0.569s] Level 1:colcon.colcon_core.package_identification:_identify(.) by extensions ['colcon_pkg']
[0.569s] Level 1:colcon.colcon_core.package_identification:_identify(.) by extension 'colcon_pkg'
[0.570s] Level 1:colcon.colcon_core.package_identification:_identify(.) by extensions ['colcon_meta']
[0.570s] Level 1:colcon.colcon_core.package_identification:_identify(.) by extension 'colcon_meta'
[0.570s] Level 1:colcon.colcon_core.package_identification:_identify(.) by extensions ['ros']
[0.570s] Level 1:colcon.colcon_core.package_identification:_identify(.) by extension 'ros'
[0.607s] Level 1:colcon.colcon_core.package_identification:_identify(.) by extensions ['cmake', 'python']
[0.607s] Level 1:colcon.colcon_core.package_identification:_identify(.) by extension 'cmake'
[0.607s] Level 1:colcon.colcon_core.package_identification:_identify(.) by extension 'python'
[0.607s] Level 1:colcon.colcon_core.package_identification:_identify(.) by extensions ['python_setup_py']
[0.607s] Level 1:colcon.colcon_core.package_identification:_identify(.) by extension 'python_setup_py'
[0.608s] Level 1:colcon.colcon_core.package_identification:_identify(build) by extensions ['ignore', 'ignore_ament_install']
[0.608s] Level 1:colcon.colcon_core.package_identification:_identify(build) by extension 'ignore'
[0.608s] Level 1:colcon.colcon_core.package_identification:_identify(build) ignored
[0.609s] Level 1:colcon.colcon_core.package_identification:_identify(install) by extensions ['ignore', 'ignore_ament_install']
[0.609s] Level 1:colcon.colcon_core.package_identification:_identify(install) by extension 'ignore'
[0.609s] Level 1:colcon.colcon_core.package_identification:_identify(install) ignored
[0.609s] Level 1:colcon.colcon_core.package_identification:_identify(log) by extensions ['ignore', 'ignore_ament_install']
[0.609s] Level 1:colcon.colcon_core.package_identification:_identify(log) by extension 'ignore'
[0.609s] Level 1:colcon.colcon_core.package_identification:_identify(log) ignored
[0.609s] Level 1:colcon.colcon_core.package_identification:_identify(my_cpp_pkg) by extensions ['ignore', 'ignore_ament_install']
[0.609s] Level 1:colcon.colcon_core.package_identification:_identify(my_cpp_pkg) by extension 'ignore'
[0.609s] Level 1:colcon.colcon_core.package_identification:_identify(my_cpp_pkg) by extension 'ignore_ament_install'
[0.609s] Level 1:colcon.colcon_core.package_identification:_identify(my_cpp_pkg) by extensions ['colcon_pkg']
[0.609s] Level 1:colcon.colcon_core.package_identification:_identify(my_cpp_pkg) by extension 'colcon_pkg'
[0.609s] Level 1:colcon.colcon_core.package_identification:_identify(my_cpp_pkg) by extensions ['colcon_meta']
[0.609s] Level 1:colcon.colcon_core.package_identification:_identify(my_cpp_pkg) by extension 'colcon_meta'
[0.609s] Level 1:colcon.colcon_core.package_identification:_identify(my_cpp_pkg) by extensions ['ros']
[0.609s] Level 1:colcon.colcon_core.package_identification:_identify(my_cpp_pkg) by extension 'ros'
[0.613s] DEBUG:colcon.colcon_core.package_identification:Package 'my_cpp_pkg' with type 'ros.ament_cmake' and name 'my_cpp_pkg'
[0.613s] Level 1:colcon.colcon_core.package_identification:_identify(my_py_pkg) by extensions ['ignore', 'ignore_ament_install']
[0.613s] Level 1:colcon.colcon_core.package_identification:_identify(my_py_pkg) by extension 'ignore'
[0.613s] Level 1:colcon.colcon_core.package_identification:_identify(my_py_pkg) by extension 'ignore_ament_install'
[0.613s] Level 1:colcon.colcon_core.package_identification:_identify(my_py_pkg) by extensions ['colcon_pkg']
[0.613s] Level 1:colcon.colcon_core.package_identification:_identify(my_py_pkg) by extension 'colcon_pkg'
[0.613s] Level 1:colcon.colcon_core.package_identification:_identify(my_py_pkg) by extensions ['colcon_meta']
[0.613s] Level 1:colcon.colcon_core.package_identification:_identify(my_py_pkg) by extension 'colcon_meta'
[0.613s] Level 1:colcon.colcon_core.package_identification:_identify(my_py_pkg) by extensions ['ros']
[0.613s] Level 1:colcon.colcon_core.package_identification:_identify(my_py_pkg) by extension 'ros'
[0.614s] DEBUG:colcon.colcon_core.package_identification:Package 'my_py_pkg' with type 'ros.ament_python' and name 'my_py_pkg'
[0.614s] Level 1:colcon.colcon_core.package_discovery:discover_packages(recursive) using defaults
[0.614s] Level 1:colcon.colcon_core.package_discovery:discover_packages(ignore) discover
[0.614s] Level 1:colcon.colcon_core.package_discovery:discover_packages(ignore) using defaults
[0.614s] Level 1:colcon.colcon_core.package_discovery:discover_packages(path) discover
[0.614s] Level 1:colcon.colcon_core.package_discovery:discover_packages(path) using defaults
[0.644s] Level 1:colcon.colcon_core.package_discovery:discover_packages(prefix_path) check parameters
[0.645s] Level 1:colcon.colcon_core.package_discovery:discover_packages(prefix_path) discover
[0.657s] DEBUG:colcon.colcon_installed_package_information.package_discovery:Found 2 installed packages in /home/sachin/ros2_ws2/src/install
[0.658s] DEBUG:colcon.colcon_installed_package_information.package_discovery:Found 1 installed packages in /home/sachin/robosim/install
[0.659s] DEBUG:colcon.colcon_installed_package_information.package_discovery:Found 15 installed packages in /home/sachin/turtlebot3_ws/install
[0.663s] DEBUG:colcon.colcon_installed_package_information.package_discovery:Found 488 installed packages in /opt/ros/jazzy
[0.664s] Level 1:colcon.colcon_core.package_discovery:discover_packages(prefix_path) using defaults
[0.892s] Level 5:colcon.colcon_core.verb:set package 'my_cpp_pkg' build argument 'cmake_args' from command line to 'None'
[0.892s] Level 5:colcon.colcon_core.verb:set package 'my_cpp_pkg' build argument 'cmake_target' from command line to 'None'
[0.892s] Level 5:colcon.colcon_core.verb:set package 'my_cpp_pkg' build argument 'cmake_target_skip_unavailable' from command line to 'False'
[0.892s] Level 5:colcon.colcon_core.verb:set package 'my_cpp_pkg' build argument 'cmake_clean_cache' from command line to 'False'
[0.892s] Level 5:colcon.colcon_core.verb:set package 'my_cpp_pkg' build argument 'cmake_clean_first' from command line to 'False'
[0.892s] Level 5:colcon.colcon_core.verb:set package 'my_cpp_pkg' build argument 'cmake_force_configure' from command line to 'False'
[0.892s] Level 5:colcon.colcon_core.verb:set package 'my_cpp_pkg' build argument 'ament_cmake_args' from command line to 'None'
[0.892s] Level 5:colcon.colcon_core.verb:set package 'my_cpp_pkg' build argument 'catkin_cmake_args' from command line to 'None'
[0.892s] Level 5:colcon.colcon_core.verb:set package 'my_cpp_pkg' build argument 'catkin_skip_building_tests' from command line to 'False'
[0.892s] DEBUG:colcon.colcon_core.verb:Building package 'my_cpp_pkg' with the following arguments: {'ament_cmake_args': None, 'build_base': '/home/sachin/ros2_ws2/src/build/my_cpp_pkg', 'catkin_cmake_args': None, 'catkin_skip_building_tests': False, 'cmake_args': None, 'cmake_clean_cache': False, 'cmake_clean_first': False, 'cmake_force_configure': False, 'cmake_target': None, 'cmake_target_skip_unavailable': False, 'install_base': '/home/sachin/ros2_ws2/src/install/my_cpp_pkg', 'merge_install': False, 'path': '/home/sachin/ros2_ws2/src/my_cpp_pkg', 'symlink_install': False, 'test_result_base': None}
[0.892s] Level 5:colcon.colcon_core.verb:set package 'my_py_pkg' build argument 'cmake_args' from command line to 'None'
[0.892s] Level 5:colcon.colcon_core.verb:set package 'my_py_pkg' build argument 'cmake_target' from command line to 'None'
[0.892s] Level 5:colcon.colcon_core.verb:set package 'my_py_pkg' build argument 'cmake_target_skip_unavailable' from command line to 'False'
[0.892s] Level 5:colcon.colcon_core.verb:set package 'my_py_pkg' build argument 'cmake_clean_cache' from command line to 'False'
[0.892s] Level 5:colcon.colcon_core.verb:set package 'my_py_pkg' build argument 'cmake_clean_first' from command line to 'False'
[0.892s] Level 5:colcon.colcon_core.verb:set package 'my_py_pkg' build argument 'cmake_force_configure' from command line to 'False'
[0.892s] Level 5:colcon.colcon_core.verb:set package 'my_py_pkg' build argument 'ament_cmake_args' from command line to 'None'
[0.892s] Level 5:colcon.colcon_core.verb:set package 'my_py_pkg' build argument 'catkin_cmake_args' from command line to 'None'
[0.892s] Level 5:colcon.colcon_core.verb:set package 'my_py_pkg' build argument 'catkin_skip_building_tests' from command line to 'False'
[0.892s] DEBUG:colcon.colcon_core.verb:Building package 'my_py_pkg' with the following arguments: {'ament_cmake_args': None, 'build_base': '/home/sachin/ros2_ws2/src/build/my_py_pkg', 'catkin_cmake_args': None, 'catkin_skip_building_tests': False, 'cmake_args': None, 'cmake_clean_cache': False, 'cmake_clean_first': False, 'cmake_force_configure': False, 'cmake_target': None, 'cmake_target_skip_unavailable': False, 'install_base': '/home/sachin/ros2_ws2/src/install/my_py_pkg', 'merge_install': False, 'path': '/home/sachin/ros2_ws2/src/my_py_pkg', 'symlink_install': False, 'test_result_base': None}
[0.892s] INFO:colcon.colcon_core.executor:Executing jobs using 'parallel' executor
[0.893s] DEBUG:colcon.colcon_parallel_executor.executor.parallel:run_until_complete
[0.893s] INFO:colcon.colcon_ros.task.ament_cmake.build:Building ROS package in '/home/sachin/ros2_ws2/src/my_cpp_pkg' with build type 'ament_cmake'
[0.893s] INFO:colcon.colcon_cmake.task.cmake.build:Building CMake package in '/home/sachin/ros2_ws2/src/my_cpp_pkg'
[0.900s] INFO:colcon.colcon_core.plugin_system:Skipping extension 'colcon_core.shell.bat': Not used on non-Windows systems
[0.901s] INFO:colcon.colcon_core.shell:Skip shell extension 'powershell' for command environment: Not usable outside of PowerShell
[0.901s] DEBUG:colcon.colcon_core.shell:Skip shell extension 'dsv' for command environment
[0.906s] INFO:colcon.colcon_ros.task.ament_python.build:Building ROS package in '/home/sachin/ros2_ws2/src/my_py_pkg' with build type 'ament_python'
[0.906s] Level 1:colcon.colcon_core.shell:create_environment_hook('my_py_pkg', 'ament_prefix_path')
[0.906s] INFO:colcon.colcon_core.shell:Creating environment hook '/home/sachin/ros2_ws2/src/install/my_py_pkg/share/my_py_pkg/hook/ament_prefix_path.ps1'
[0.907s] INFO:colcon.colcon_core.shell:Creating environment descriptor '/home/sachin/ros2_ws2/src/install/my_py_pkg/share/my_py_pkg/hook/ament_prefix_path.dsv'
[0.908s] INFO:colcon.colcon_core.shell:Creating environment hook '/home/sachin/ros2_ws2/src/install/my_py_pkg/share/my_py_pkg/hook/ament_prefix_path.sh'
[0.909s] INFO:colcon.colcon_core.shell:Skip shell extension 'powershell' for command environment: Not usable outside of PowerShell
[0.909s] DEBUG:colcon.colcon_core.shell:Skip shell extension 'dsv' for command environment
[0.920s] DEBUG:colcon.colcon_core.event_handler.log_command:Invoking command in '/home/sachin/ros2_ws2/src/build/my_cpp_pkg': CMAKE_PREFIX_PATH=${CMAKE_PREFIX_PATH}:/home/sachin/ros2_ws2/src/install/my_py_pkg:/home/sachin/robosim/install/restaurant_robot:/home/sachin/turtlebot3_ws/install/turtlebot3_teleop:/home/sachin/turtlebot3_ws/install/turtlebot3_example:/opt/ros/jazzy /usr/bin/cmake --build /home/sachin/ros2_ws2/src/build/my_cpp_pkg -- -j12 -l12
[1.143s] INFO:colcon.colcon_core.task.python.build:Building Python package in '/home/sachin/ros2_ws2/src/my_py_pkg'
[1.144s] INFO:colcon.colcon_core.shell:Skip shell extension 'powershell' for command environment: Not usable outside of PowerShell
[1.144s] DEBUG:colcon.colcon_core.shell:Skip shell extension 'dsv' for command environment
[1.909s] DEBUG:colcon.colcon_core.event_handler.log_command:Invoking command in '/home/sachin/ros2_ws2/src/my_py_pkg': PYTHONPATH=/home/sachin/ros2_ws2/src/build/my_py_pkg/prefix_override:/usr/lib/python3/dist-packages/colcon_core/task/python/colcon_distutils_commands:/home/sachin/ros2_ws2/src/install/my_py_pkg/lib/python3.12/site-packages:${PYTHONPATH} /usr/bin/python3 -W ignore:setup.py install is deprecated -W ignore:easy_install command is deprecated setup.py egg_info --egg-base ../build/my_py_pkg build --build-base /home/sachin/ros2_ws2/src/build/my_py_pkg/build install --record /home/sachin/ros2_ws2/src/build/my_py_pkg/install.log --single-version-externally-managed install_data
[3.228s] DEBUG:colcon.colcon_core.event_handler.log_command:Invoked command in '/home/sachin/ros2_ws2/src/my_py_pkg' returned '0': PYTHONPATH=/home/sachin/ros2_ws2/src/build/my_py_pkg/prefix_override:/usr/lib/python3/dist-packages/colcon_core/task/python/colcon_distutils_commands:/home/sachin/ros2_ws2/src/install/my_py_pkg/lib/python3.12/site-packages:${PYTHONPATH} /usr/bin/python3 -W ignore:setup.py install is deprecated -W ignore:easy_install command is deprecated setup.py egg_info --egg-base ../build/my_py_pkg build --build-base /home/sachin/ros2_ws2/src/build/my_py_pkg/build install --record /home/sachin/ros2_ws2/src/build/my_py_pkg/install.log --single-version-externally-managed install_data
[3.233s] Level 1:colcon.colcon_core.environment:checking '/home/sachin/ros2_ws2/src/install/my_py_pkg' for CMake module files
[3.233s] Level 1:colcon.colcon_core.environment:checking '/home/sachin/ros2_ws2/src/install/my_py_pkg' for CMake config files
[3.235s] Level 1:colcon.colcon_core.environment:checking '/home/sachin/ros2_ws2/src/install/my_py_pkg/lib'
[3.235s] Level 1:colcon.colcon_core.environment:checking '/home/sachin/ros2_ws2/src/install/my_py_pkg/bin'
[3.235s] Level 1:colcon.colcon_core.environment:checking '/home/sachin/ros2_ws2/src/install/my_py_pkg/lib/pkgconfig/my_py_pkg.pc'
[3.235s] Level 1:colcon.colcon_core.environment:checking '/home/sachin/ros2_ws2/src/install/my_py_pkg/lib/python3.12/site-packages'
[3.236s] Level 1:colcon.colcon_core.shell:create_environment_hook('my_py_pkg', 'pythonpath')
[3.236s] INFO:colcon.colcon_core.shell:Creating environment hook '/home/sachin/ros2_ws2/src/install/my_py_pkg/share/my_py_pkg/hook/pythonpath.ps1'
[3.236s] INFO:colcon.colcon_core.shell:Creating environment descriptor '/home/sachin/ros2_ws2/src/install/my_py_pkg/share/my_py_pkg/hook/pythonpath.dsv'
[3.236s] INFO:colcon.colcon_core.shell:Creating environment hook '/home/sachin/ros2_ws2/src/install/my_py_pkg/share/my_py_pkg/hook/pythonpath.sh'
[3.237s] Level 1:colcon.colcon_core.environment:checking '/home/sachin/ros2_ws2/src/install/my_py_pkg/bin'
[3.237s] Level 1:colcon.colcon_core.environment:create_environment_scripts_only(my_py_pkg)
[3.237s] INFO:colcon.colcon_core.shell:Creating package script '/home/sachin/ros2_ws2/src/install/my_py_pkg/share/my_py_pkg/package.ps1'
[3.238s] INFO:colcon.colcon_core.shell:Creating package descriptor '/home/sachin/ros2_ws2/src/install/my_py_pkg/share/my_py_pkg/package.dsv'
[3.238s] INFO:colcon.colcon_core.shell:Creating package script '/home/sachin/ros2_ws2/src/install/my_py_pkg/share/my_py_pkg/package.sh'
[3.239s] INFO:colcon.colcon_core.shell:Creating package script '/home/sachin/ros2_ws2/src/install/my_py_pkg/share/my_py_pkg/package.bash'
[3.240s] INFO:colcon.colcon_core.shell:Creating package script '/home/sachin/ros2_ws2/src/install/my_py_pkg/share/my_py_pkg/package.zsh'
[3.240s] Level 1:colcon.colcon_core.environment:create_file_with_runtime_dependencies(/home/sachin/ros2_ws2/src/install/my_py_pkg/share/colcon-core/packages/my_py_pkg)
[4.739s] DEBUG:colcon.colcon_core.event_handler.log_command:Invoked command in '/home/sachin/ros2_ws2/src/build/my_cpp_pkg' returned '2': CMAKE_PREFIX_PATH=${CMAKE_PREFIX_PATH}:/home/sachin/ros2_ws2/src/install/my_py_pkg:/home/sachin/robosim/install/restaurant_robot:/home/sachin/turtlebot3_ws/install/turtlebot3_teleop:/home/sachin/turtlebot3_ws/install/turtlebot3_example:/opt/ros/jazzy /usr/bin/cmake --build /home/sachin/ros2_ws2/src/build/my_cpp_pkg -- -j12 -l12
[4.741s] Level 1:colcon.colcon_core.environment:create_environment_scripts_only(my_cpp_pkg)
[4.741s] Level 1:colcon.colcon_core.environment:checking '/home/sachin/ros2_ws2/src/install/my_cpp_pkg' for CMake module files
[4.742s] Level 1:colcon.colcon_core.environment:checking '/home/sachin/ros2_ws2/src/install/my_cpp_pkg' for CMake config files
[4.742s] Level 1:colcon.colcon_core.shell:create_environment_hook('my_cpp_pkg', 'cmake_prefix_path')
[4.742s] INFO:colcon.colcon_core.shell:Creating environment hook '/home/sachin/ros2_ws2/src/install/my_cpp_pkg/share/my_cpp_pkg/hook/cmake_prefix_path.ps1'
[4.746s] INFO:colcon.colcon_core.shell:Creating environment descriptor '/home/sachin/ros2_ws2/src/install/my_cpp_pkg/share/my_cpp_pkg/hook/cmake_prefix_path.dsv'
[4.746s] INFO:colcon.colcon_core.shell:Creating environment hook '/home/sachin/ros2_ws2/src/install/my_cpp_pkg/share/my_cpp_pkg/hook/cmake_prefix_path.sh'
[4.747s] Level 1:colcon.colcon_core.environment:checking '/home/sachin/ros2_ws2/src/install/my_cpp_pkg/lib'
[4.747s] Level 1:colcon.colcon_core.environment:checking '/home/sachin/ros2_ws2/src/install/my_cpp_pkg/bin'
[4.747s] Level 1:colcon.colcon_core.environment:checking '/home/sachin/ros2_ws2/src/install/my_cpp_pkg/lib/pkgconfig/my_cpp_pkg.pc'
[4.747s] Level 1:colcon.colcon_core.environment:checking '/home/sachin/ros2_ws2/src/install/my_cpp_pkg/lib/python3.12/site-packages'
[4.748s] Level 1:colcon.colcon_core.environment:checking '/home/sachin/ros2_ws2/src/install/my_cpp_pkg/bin'
[4.748s] INFO:colcon.colcon_core.shell:Creating package script '/home/sachin/ros2_ws2/src/install/my_cpp_pkg/share/my_cpp_pkg/package.ps1'
[4.748s] INFO:colcon.colcon_core.shell:Creating package descriptor '/home/sachin/ros2_ws2/src/install/my_cpp_pkg/share/my_cpp_pkg/package.dsv'
[4.749s] INFO:colcon.colcon_core.shell:Creating package script '/home/sachin/ros2_ws2/src/install/my_cpp_pkg/share/my_cpp_pkg/package.sh'
[4.749s] INFO:colcon.colcon_core.shell:Creating package script '/home/sachin/ros2_ws2/src/install/my_cpp_pkg/share/my_cpp_pkg/package.bash'
[4.749s] INFO:colcon.colcon_core.shell:Creating package script '/home/sachin/ros2_ws2/src/install/my_cpp_pkg/share/my_cpp_pkg/package.zsh'
[4.750s] Level 1:colcon.colcon_core.environment:create_file_with_runtime_dependencies(/home/sachin/ros2_ws2/src/install/my_cpp_pkg/share/colcon-core/packages/my_cpp_pkg)
[4.760s] DEBUG:colcon.colcon_parallel_executor.executor.parallel:closing loop
[4.761s] DEBUG:colcon.colcon_parallel_executor.executor.parallel:loop closed
[4.761s] DEBUG:colcon.colcon_parallel_executor.executor.parallel:run_until_complete finished with '2'
[4.761s] DEBUG:colcon.colcon_core.event_reactor:joining thread
[4.833s] INFO:colcon.colcon_core.plugin_system:Skipping extension 'colcon_notification.desktop_notification.notify_send': Could not find 'notify-send'
[4.834s] INFO:colcon.colcon_core.plugin_system:Skipping extension 'colcon_notification.desktop_notification.terminal_notifier': Not used on non-Darwin systems
[4.834s] INFO:colcon.colcon_core.plugin_system:Skipping extension 'colcon_notification.desktop_notification.win32': Not used on non-Windows systems
[4.834s] INFO:colcon.colcon_notification.desktop_notification:Sending desktop notification using 'notify2'
[4.835s] DEBUG:colcon.colcon_notification.desktop_notification.notify2:Failed to initialize notify2: org.freedesktop.DBus.Error.ServiceUnknown: The name org.freedesktop.Notifications was not provided by any .service files
[4.835s] DEBUG:colcon.colcon_core.event_reactor:joined thread
[4.835s] INFO:colcon.colcon_core.shell:Creating prefix script '/home/sachin/ros2_ws2/src/install/local_setup.ps1'
[4.836s] INFO:colcon.colcon_core.shell:Creating prefix util module '/home/sachin/ros2_ws2/src/install/_local_setup_util_ps1.py'
[4.837s] INFO:colcon.colcon_core.shell:Creating prefix chain script '/home/sachin/ros2_ws2/src/install/setup.ps1'
[4.838s] INFO:colcon.colcon_core.shell:Creating prefix script '/home/sachin/ros2_ws2/src/install/local_setup.sh'
[4.839s] INFO:colcon.colcon_core.shell:Creating prefix util module '/home/sachin/ros2_ws2/src/install/_local_setup_util_sh.py'
[4.839s] INFO:colcon.colcon_core.shell:Creating prefix chain script '/home/sachin/ros2_ws2/src/install/setup.sh'
[4.842s] INFO:colcon.colcon_core.shell:Creating prefix script '/home/sachin/ros2_ws2/src/install/local_setup.bash'
[4.842s] INFO:colcon.colcon_core.shell:Creating prefix chain script '/home/sachin/ros2_ws2/src/install/setup.bash'
[4.844s] INFO:colcon.colcon_core.shell:Creating prefix script '/home/sachin/ros2_ws2/src/install/local_setup.zsh'
[4.845s] INFO:colcon.colcon_core.shell:Creating prefix chain script '/home/sachin/ros2_ws2/src/install/setup.zsh'
