[1.051s] Invoking command in '/home/sachin/ros2_ws2/src/my_py_pkg': PYTHONPATH=/home/sachin/ros2_ws2/src/build/my_py_pkg/prefix_override:/usr/lib/python3/dist-packages/colcon_core/task/python/colcon_distutils_commands:/home/sachin/ros2_ws2/src/install/my_py_pkg/lib/python3.12/site-packages:${PYTHONPATH} /usr/bin/python3 -W ignore:setup.py install is deprecated -W ignore:easy_install command is deprecated setup.py egg_info --egg-base ../build/my_py_pkg build --build-base /home/sachin/ros2_ws2/src/build/my_py_pkg/build install --record /home/sachin/ros2_ws2/src/build/my_py_pkg/install.log --single-version-externally-managed install_data
[1.234s] running egg_info
[1.247s] writing ../build/my_py_pkg/my_py_pkg.egg-info/PKG-INFO
[1.250s] writing dependency_links to ../build/my_py_pkg/my_py_pkg.egg-info/dependency_links.txt
[1.251s] writing entry points to ../build/my_py_pkg/my_py_pkg.egg-info/entry_points.txt
[1.251s] writing requirements to ../build/my_py_pkg/my_py_pkg.egg-info/requires.txt
[1.251s] writing top-level names to ../build/my_py_pkg/my_py_pkg.egg-info/top_level.txt
[1.283s] reading manifest file '../build/my_py_pkg/my_py_pkg.egg-info/SOURCES.txt'
[1.285s] writing manifest file '../build/my_py_pkg/my_py_pkg.egg-info/SOURCES.txt'
[1.285s] running build
[1.285s] running build_py
[1.285s] copying my_py_pkg/my_first_node.py -> /home/sachin/ros2_ws2/src/build/my_py_pkg/build/lib/my_py_pkg
[1.285s] running install
[1.289s] running install_lib
[1.303s] copying /home/sachin/ros2_ws2/src/build/my_py_pkg/build/lib/my_py_pkg/my_first_node.py -> /home/sachin/ros2_ws2/src/install/my_py_pkg/lib/python3.12/site-packages/my_py_pkg
[1.304s] byte-compiling /home/sachin/ros2_ws2/src/install/my_py_pkg/lib/python3.12/site-packages/my_py_pkg/my_first_node.py to my_first_node.cpython-312.pyc
[1.305s] running install_data
[1.305s] running install_egg_info
[1.318s] removing '/home/sachin/ros2_ws2/src/install/my_py_pkg/lib/python3.12/site-packages/my_py_pkg-0.0.0-py3.12.egg-info' (and everything under it)
[1.318s] Copying ../build/my_py_pkg/my_py_pkg.egg-info to /home/sachin/ros2_ws2/src/install/my_py_pkg/lib/python3.12/site-packages/my_py_pkg-0.0.0-py3.12.egg-info
[1.319s] running install_scripts
[1.404s] Installing py_node script to /home/sachin/ros2_ws2/src/install/my_py_pkg/lib/my_py_pkg
[1.404s] writing list of installed files to '/home/sachin/ros2_ws2/src/build/my_py_pkg/install.log'
[1.423s] Invoked command in '/home/sachin/ros2_ws2/src/my_py_pkg' returned '0': PYTHONPATH=/home/sachin/ros2_ws2/src/build/my_py_pkg/prefix_override:/usr/lib/python3/dist-packages/colcon_core/task/python/colcon_distutils_commands:/home/sachin/ros2_ws2/src/install/my_py_pkg/lib/python3.12/site-packages:${PYTHONPATH} /usr/bin/python3 -W ignore:setup.py install is deprecated -W ignore:easy_install command is deprecated setup.py egg_info --egg-base ../build/my_py_pkg build --build-base /home/sachin/ros2_ws2/src/build/my_py_pkg/build install --record /home/sachin/ros2_ws2/src/build/my_py_pkg/install.log --single-version-externally-managed install_data
