[0.581s] DEBUG:colcon:Command line arguments: ['/usr/bin/colcon', 'build', '--packages-select', 'my_py_pkg', '--symlink-install']
[0.581s] DEBUG:colcon:Parsed command line arguments: Namespace(log_base=None, log_level=None, verb_name='build', build_base='build', install_base='install', merge_install=False, symlink_install=True, test_result_base=None, continue_on_error=False, executor='parallel', parallel_workers=12, event_handlers=None, ignore_user_meta=False, metas=['./colcon.meta'], base_paths=['.'], packages_ignore=None, packages_ignore_regex=None, paths=None, packages_up_to=None, packages_up_to_regex=None, packages_above=None, packages_above_and_dependencies=None, packages_above_depth=None, packages_select_by_dep=None, packages_skip_by_dep=None, packages_skip_up_to=None, packages_select_build_failed=False, packages_skip_build_finished=False, packages_select_test_failures=False, packages_skip_test_passed=False, packages_select=['my_py_pkg'], packages_skip=None, packages_select_regex=None, packages_skip_regex=None, packages_start=None, packages_end=None, allow_overriding=[], cmake_args=None, cmake_target=None, cmake_target_skip_unavailable=False, cmake_clean_cache=False, cmake_clean_first=False, cmake_force_configure=False, ament_cmake_args=None, catkin_cmake_args=None, catkin_skip_building_tests=False, verb_parser=<colcon_defaults.argument_parser.defaults.DefaultArgumentsDecorator object at 0x7d2916e8cfe0>, verb_extension=<colcon_core.verb.build.BuildVerb object at 0x7d2916f4bef0>, main=<bound method BuildVerb.main of <colcon_core.verb.build.BuildVerb object at 0x7d2916f4bef0>>)
[0.715s] Level 1:colcon.colcon_core.package_discovery:discover_packages(colcon_meta) check parameters
[0.716s] Level 1:colcon.colcon_core.package_discovery:discover_packages(recursive) check parameters
[0.716s] Level 1:colcon.colcon_core.package_discovery:discover_packages(ignore) check parameters
[0.717s] Level 1:colcon.colcon_core.package_discovery:discover_packages(path) check parameters
[0.717s] Level 1:colcon.colcon_core.package_discovery:discover_packages(colcon_meta) discover
[0.718s] Level 1:colcon.colcon_core.package_discovery:discover_packages(recursive) discover
[0.718s] INFO:colcon.colcon_core.package_discovery:Crawling recursively for packages in '/home/sachin/ros2_ws2/src'
[0.718s] Level 1:colcon.colcon_core.package_identification:_identify(.) by extensions ['ignore', 'ignore_ament_install']
[0.720s] Level 1:colcon.colcon_core.package_identification:_identify(.) by extension 'ignore'
[0.720s] Level 1:colcon.colcon_core.package_identification:_identify(.) by extension 'ignore_ament_install'
[0.720s] Level 1:colcon.colcon_core.package_identification:_identify(.) by extensions ['colcon_pkg']
[0.720s] Level 1:colcon.colcon_core.package_identification:_identify(.) by extension 'colcon_pkg'
[0.721s] Level 1:colcon.colcon_core.package_identification:_identify(.) by extensions ['colcon_meta']
[0.721s] Level 1:colcon.colcon_core.package_identification:_identify(.) by extension 'colcon_meta'
[0.721s] Level 1:colcon.colcon_core.package_identification:_identify(.) by extensions ['ros']
[0.721s] Level 1:colcon.colcon_core.package_identification:_identify(.) by extension 'ros'
[0.804s] Level 1:colcon.colcon_core.package_identification:_identify(.) by extensions ['cmake', 'python']
[0.805s] Level 1:colcon.colcon_core.package_identification:_identify(.) by extension 'cmake'
[0.805s] Level 1:colcon.colcon_core.package_identification:_identify(.) by extension 'python'
[0.805s] Level 1:colcon.colcon_core.package_identification:_identify(.) by extensions ['python_setup_py']
[0.805s] Level 1:colcon.colcon_core.package_identification:_identify(.) by extension 'python_setup_py'
[0.805s] Level 1:colcon.colcon_core.package_identification:_identify(build) by extensions ['ignore', 'ignore_ament_install']
[0.806s] Level 1:colcon.colcon_core.package_identification:_identify(build) by extension 'ignore'
[0.806s] Level 1:colcon.colcon_core.package_identification:_identify(build) ignored
[0.806s] Level 1:colcon.colcon_core.package_identification:_identify(install) by extensions ['ignore', 'ignore_ament_install']
[0.807s] Level 1:colcon.colcon_core.package_identification:_identify(install) by extension 'ignore'
[0.807s] Level 1:colcon.colcon_core.package_identification:_identify(install) ignored
[0.808s] Level 1:colcon.colcon_core.package_identification:_identify(log) by extensions ['ignore', 'ignore_ament_install']
[0.808s] Level 1:colcon.colcon_core.package_identification:_identify(log) by extension 'ignore'
[0.808s] Level 1:colcon.colcon_core.package_identification:_identify(log) ignored
[0.809s] Level 1:colcon.colcon_core.package_identification:_identify(my_cpp_pkg) by extensions ['ignore', 'ignore_ament_install']
[0.809s] Level 1:colcon.colcon_core.package_identification:_identify(my_cpp_pkg) by extension 'ignore'
[0.809s] Level 1:colcon.colcon_core.package_identification:_identify(my_cpp_pkg) by extension 'ignore_ament_install'
[0.809s] Level 1:colcon.colcon_core.package_identification:_identify(my_cpp_pkg) by extensions ['colcon_pkg']
[0.809s] Level 1:colcon.colcon_core.package_identification:_identify(my_cpp_pkg) by extension 'colcon_pkg'
[0.809s] Level 1:colcon.colcon_core.package_identification:_identify(my_cpp_pkg) by extensions ['colcon_meta']
[0.809s] Level 1:colcon.colcon_core.package_identification:_identify(my_cpp_pkg) by extension 'colcon_meta'
[0.809s] Level 1:colcon.colcon_core.package_identification:_identify(my_cpp_pkg) by extensions ['ros']
[0.810s] Level 1:colcon.colcon_core.package_identification:_identify(my_cpp_pkg) by extension 'ros'
[0.816s] DEBUG:colcon.colcon_core.package_identification:Package 'my_cpp_pkg' with type 'ros.ament_cmake' and name 'my_cpp_pkg'
[0.817s] Level 1:colcon.colcon_core.package_identification:_identify(my_py_pkg) by extensions ['ignore', 'ignore_ament_install']
[0.817s] Level 1:colcon.colcon_core.package_identification:_identify(my_py_pkg) by extension 'ignore'
[0.817s] Level 1:colcon.colcon_core.package_identification:_identify(my_py_pkg) by extension 'ignore_ament_install'
[0.817s] Level 1:colcon.colcon_core.package_identification:_identify(my_py_pkg) by extensions ['colcon_pkg']
[0.817s] Level 1:colcon.colcon_core.package_identification:_identify(my_py_pkg) by extension 'colcon_pkg'
[0.817s] Level 1:colcon.colcon_core.package_identification:_identify(my_py_pkg) by extensions ['colcon_meta']
[0.818s] Level 1:colcon.colcon_core.package_identification:_identify(my_py_pkg) by extension 'colcon_meta'
[0.818s] Level 1:colcon.colcon_core.package_identification:_identify(my_py_pkg) by extensions ['ros']
[0.818s] Level 1:colcon.colcon_core.package_identification:_identify(my_py_pkg) by extension 'ros'
[0.819s] DEBUG:colcon.colcon_core.package_identification:Package 'my_py_pkg' with type 'ros.ament_python' and name 'my_py_pkg'
[0.819s] Level 1:colcon.colcon_core.package_discovery:discover_packages(recursive) using defaults
[0.819s] Level 1:colcon.colcon_core.package_discovery:discover_packages(ignore) discover
[0.819s] Level 1:colcon.colcon_core.package_discovery:discover_packages(ignore) using defaults
[0.819s] Level 1:colcon.colcon_core.package_discovery:discover_packages(path) discover
[0.820s] Level 1:colcon.colcon_core.package_discovery:discover_packages(path) using defaults
[0.876s] INFO:colcon.colcon_core.package_selection:Skipping not selected package 'my_cpp_pkg' in 'my_cpp_pkg'
[0.876s] Level 1:colcon.colcon_core.package_discovery:discover_packages(prefix_path) check parameters
[0.876s] Level 1:colcon.colcon_core.package_discovery:discover_packages(prefix_path) discover
[0.881s] DEBUG:colcon.colcon_installed_package_information.package_discovery:Found 2 installed packages in /home/sachin/ros2_ws2/src/install
[0.881s] DEBUG:colcon.colcon_installed_package_information.package_discovery:Found 1 installed packages in /home/sachin/robosim/install
[0.882s] DEBUG:colcon.colcon_installed_package_information.package_discovery:Found 15 installed packages in /home/sachin/turtlebot3_ws/install
[0.886s] DEBUG:colcon.colcon_installed_package_information.package_discovery:Found 488 installed packages in /opt/ros/jazzy
[0.892s] Level 1:colcon.colcon_core.package_discovery:discover_packages(prefix_path) using defaults
[1.085s] Level 5:colcon.colcon_core.verb:set package 'my_py_pkg' build argument 'cmake_args' from command line to 'None'
[1.085s] Level 5:colcon.colcon_core.verb:set package 'my_py_pkg' build argument 'cmake_target' from command line to 'None'
[1.085s] Level 5:colcon.colcon_core.verb:set package 'my_py_pkg' build argument 'cmake_target_skip_unavailable' from command line to 'False'
[1.085s] Level 5:colcon.colcon_core.verb:set package 'my_py_pkg' build argument 'cmake_clean_cache' from command line to 'False'
[1.085s] Level 5:colcon.colcon_core.verb:set package 'my_py_pkg' build argument 'cmake_clean_first' from command line to 'False'
[1.086s] Level 5:colcon.colcon_core.verb:set package 'my_py_pkg' build argument 'cmake_force_configure' from command line to 'False'
[1.086s] Level 5:colcon.colcon_core.verb:set package 'my_py_pkg' build argument 'ament_cmake_args' from command line to 'None'
[1.086s] Level 5:colcon.colcon_core.verb:set package 'my_py_pkg' build argument 'catkin_cmake_args' from command line to 'None'
[1.086s] Level 5:colcon.colcon_core.verb:set package 'my_py_pkg' build argument 'catkin_skip_building_tests' from command line to 'False'
[1.086s] DEBUG:colcon.colcon_core.verb:Building package 'my_py_pkg' with the following arguments: {'ament_cmake_args': None, 'build_base': '/home/sachin/ros2_ws2/src/build/my_py_pkg', 'catkin_cmake_args': None, 'catkin_skip_building_tests': False, 'cmake_args': None, 'cmake_clean_cache': False, 'cmake_clean_first': False, 'cmake_force_configure': False, 'cmake_target': None, 'cmake_target_skip_unavailable': False, 'install_base': '/home/sachin/ros2_ws2/src/install/my_py_pkg', 'merge_install': False, 'path': '/home/sachin/ros2_ws2/src/my_py_pkg', 'symlink_install': True, 'test_result_base': None}
[1.086s] INFO:colcon.colcon_core.executor:Executing jobs using 'parallel' executor
[1.088s] DEBUG:colcon.colcon_parallel_executor.executor.parallel:run_until_complete
[1.089s] INFO:colcon.colcon_ros.task.ament_python.build:Building ROS package in '/home/sachin/ros2_ws2/src/my_py_pkg' with build type 'ament_python'
[1.089s] Level 1:colcon.colcon_core.shell:create_environment_hook('my_py_pkg', 'ament_prefix_path')
[1.097s] INFO:colcon.colcon_core.plugin_system:Skipping extension 'colcon_core.shell.bat': Not used on non-Windows systems
[1.098s] INFO:colcon.colcon_core.shell:Creating environment hook '/home/sachin/ros2_ws2/src/install/my_py_pkg/share/my_py_pkg/hook/ament_prefix_path.ps1'
[1.100s] INFO:colcon.colcon_core.shell:Creating environment descriptor '/home/sachin/ros2_ws2/src/install/my_py_pkg/share/my_py_pkg/hook/ament_prefix_path.dsv'
[1.102s] INFO:colcon.colcon_core.shell:Creating environment hook '/home/sachin/ros2_ws2/src/install/my_py_pkg/share/my_py_pkg/hook/ament_prefix_path.sh'
[1.104s] INFO:colcon.colcon_core.shell:Skip shell extension 'powershell' for command environment: Not usable outside of PowerShell
[1.104s] DEBUG:colcon.colcon_core.shell:Skip shell extension 'dsv' for command environment
[1.757s] INFO:colcon.colcon_core.task.python.build:Building Python package in '/home/sachin/ros2_ws2/src/my_py_pkg'
[1.758s] INFO:colcon.colcon_core.shell:Skip shell extension 'powershell' for command environment: Not usable outside of PowerShell
[1.758s] DEBUG:colcon.colcon_core.shell:Skip shell extension 'dsv' for command environment
[3.509s] DEBUG:colcon.colcon_core.task.python.build:While undoing a previous installation files outside the Python library path are being ignored: /home/sachin/ros2_ws2/src/install/my_py_pkg/share/ament_index/resource_index/packages/my_py_pkg
[3.509s] DEBUG:colcon.colcon_core.task.python.build:While undoing a previous installation files outside the Python library path are being ignored: /home/sachin/ros2_ws2/src/install/my_py_pkg/share/my_py_pkg/package.xml
[3.511s] DEBUG:colcon.colcon_core.task.python.build:While undoing a previous installation files outside the Python library path are being ignored: /home/sachin/ros2_ws2/src/install/my_py_pkg/lib/my_py_pkg/py_node
[3.511s] DEBUG:colcon.colcon_core.task.python.build:While undoing a previous installation files outside the Python library path are being ignored: /home/sachin/ros2_ws2/src/install/my_py_pkg/lib/my_py_pkg/robot_news_station
[3.523s] DEBUG:colcon.colcon_core.event_handler.log_command:Invoking command in '/home/sachin/ros2_ws2/src/build/my_py_pkg': PYTHONPATH=/home/sachin/ros2_ws2/src/build/my_py_pkg/prefix_override:/usr/lib/python3/dist-packages/colcon_core/task/python/colcon_distutils_commands:/home/sachin/ros2_ws2/src/install/my_py_pkg/lib/python3.12/site-packages:${PYTHONPATH} /usr/bin/python3 -W ignore:setup.py install is deprecated -W ignore:easy_install command is deprecated setup.py develop --editable --build-directory /home/sachin/ros2_ws2/src/build/my_py_pkg/build --no-deps symlink_data --force
[5.247s] Level 1:colcon.colcon_core.shell:create_environment_hook('my_py_pkg', 'pythonpath_develop')
[5.248s] INFO:colcon.colcon_core.shell:Creating environment hook '/home/sachin/ros2_ws2/src/build/my_py_pkg/share/my_py_pkg/hook/pythonpath_develop.ps1'
[5.249s] INFO:colcon.colcon_core.shell:Creating environment descriptor '/home/sachin/ros2_ws2/src/build/my_py_pkg/share/my_py_pkg/hook/pythonpath_develop.dsv'
[5.250s] INFO:colcon.colcon_core.shell:Creating environment hook '/home/sachin/ros2_ws2/src/build/my_py_pkg/share/my_py_pkg/hook/pythonpath_develop.sh'
[5.256s] DEBUG:colcon.colcon_core.event_handler.log_command:Invoked command in '/home/sachin/ros2_ws2/src/build/my_py_pkg' returned '0': PYTHONPATH=/home/sachin/ros2_ws2/src/build/my_py_pkg/prefix_override:/usr/lib/python3/dist-packages/colcon_core/task/python/colcon_distutils_commands:/home/sachin/ros2_ws2/src/install/my_py_pkg/lib/python3.12/site-packages:${PYTHONPATH} /usr/bin/python3 -W ignore:setup.py install is deprecated -W ignore:easy_install command is deprecated setup.py develop --editable --build-directory /home/sachin/ros2_ws2/src/build/my_py_pkg/build --no-deps symlink_data --force
[5.271s] Level 1:colcon.colcon_core.environment:checking '/home/sachin/ros2_ws2/src/install/my_py_pkg' for CMake module files
[5.272s] Level 1:colcon.colcon_core.environment:checking '/home/sachin/ros2_ws2/src/install/my_py_pkg' for CMake config files
[5.274s] Level 1:colcon.colcon_core.environment:checking '/home/sachin/ros2_ws2/src/install/my_py_pkg/lib'
[5.274s] Level 1:colcon.colcon_core.environment:checking '/home/sachin/ros2_ws2/src/install/my_py_pkg/bin'
[5.274s] Level 1:colcon.colcon_core.environment:checking '/home/sachin/ros2_ws2/src/install/my_py_pkg/lib/pkgconfig/my_py_pkg.pc'
[5.275s] Level 1:colcon.colcon_core.environment:checking '/home/sachin/ros2_ws2/src/install/my_py_pkg/lib/python3.12/site-packages'
[5.275s] Level 1:colcon.colcon_core.shell:create_environment_hook('my_py_pkg', 'pythonpath')
[5.276s] INFO:colcon.colcon_core.shell:Creating environment hook '/home/sachin/ros2_ws2/src/install/my_py_pkg/share/my_py_pkg/hook/pythonpath.ps1'
[5.277s] INFO:colcon.colcon_core.shell:Creating environment descriptor '/home/sachin/ros2_ws2/src/install/my_py_pkg/share/my_py_pkg/hook/pythonpath.dsv'
[5.278s] INFO:colcon.colcon_core.shell:Creating environment hook '/home/sachin/ros2_ws2/src/install/my_py_pkg/share/my_py_pkg/hook/pythonpath.sh'
[5.282s] Level 1:colcon.colcon_core.environment:checking '/home/sachin/ros2_ws2/src/install/my_py_pkg/bin'
[5.282s] Level 1:colcon.colcon_core.environment:create_environment_scripts_only(my_py_pkg)
[5.283s] INFO:colcon.colcon_core.shell:Creating package script '/home/sachin/ros2_ws2/src/install/my_py_pkg/share/my_py_pkg/package.ps1'
[5.286s] INFO:colcon.colcon_core.shell:Creating package descriptor '/home/sachin/ros2_ws2/src/install/my_py_pkg/share/my_py_pkg/package.dsv'
[5.288s] INFO:colcon.colcon_core.shell:Creating package script '/home/sachin/ros2_ws2/src/install/my_py_pkg/share/my_py_pkg/package.sh'
[5.291s] INFO:colcon.colcon_core.shell:Creating package script '/home/sachin/ros2_ws2/src/install/my_py_pkg/share/my_py_pkg/package.bash'
[5.292s] INFO:colcon.colcon_core.shell:Creating package script '/home/sachin/ros2_ws2/src/install/my_py_pkg/share/my_py_pkg/package.zsh'
[5.293s] Level 1:colcon.colcon_core.environment:create_file_with_runtime_dependencies(/home/sachin/ros2_ws2/src/install/my_py_pkg/share/colcon-core/packages/my_py_pkg)
[5.295s] DEBUG:colcon.colcon_parallel_executor.executor.parallel:closing loop
[5.296s] DEBUG:colcon.colcon_parallel_executor.executor.parallel:loop closed
[5.297s] DEBUG:colcon.colcon_parallel_executor.executor.parallel:run_until_complete finished with '0'
[5.297s] DEBUG:colcon.colcon_core.event_reactor:joining thread
[5.542s] INFO:colcon.colcon_core.plugin_system:Skipping extension 'colcon_notification.desktop_notification.notify_send': Could not find 'notify-send'
[5.543s] INFO:colcon.colcon_core.plugin_system:Skipping extension 'colcon_notification.desktop_notification.terminal_notifier': Not used on non-Darwin systems
[5.543s] INFO:colcon.colcon_core.plugin_system:Skipping extension 'colcon_notification.desktop_notification.win32': Not used on non-Windows systems
[5.543s] INFO:colcon.colcon_notification.desktop_notification:Sending desktop notification using 'notify2'
[5.545s] DEBUG:colcon.colcon_notification.desktop_notification.notify2:Failed to initialize notify2: org.freedesktop.DBus.Error.ServiceUnknown: The name org.freedesktop.Notifications was not provided by any .service files
[5.547s] DEBUG:colcon.colcon_core.event_reactor:joined thread
[5.547s] INFO:colcon.colcon_core.shell:Creating prefix script '/home/sachin/ros2_ws2/src/install/local_setup.ps1'
[5.549s] INFO:colcon.colcon_core.shell:Creating prefix util module '/home/sachin/ros2_ws2/src/install/_local_setup_util_ps1.py'
[5.554s] INFO:colcon.colcon_core.shell:Creating prefix chain script '/home/sachin/ros2_ws2/src/install/setup.ps1'
[5.558s] INFO:colcon.colcon_core.shell:Creating prefix script '/home/sachin/ros2_ws2/src/install/local_setup.sh'
[5.560s] INFO:colcon.colcon_core.shell:Creating prefix util module '/home/sachin/ros2_ws2/src/install/_local_setup_util_sh.py'
[5.561s] INFO:colcon.colcon_core.shell:Creating prefix chain script '/home/sachin/ros2_ws2/src/install/setup.sh'
[5.566s] INFO:colcon.colcon_core.shell:Creating prefix script '/home/sachin/ros2_ws2/src/install/local_setup.bash'
[5.567s] INFO:colcon.colcon_core.shell:Creating prefix chain script '/home/sachin/ros2_ws2/src/install/setup.bash'
[5.571s] INFO:colcon.colcon_core.shell:Creating prefix script '/home/sachin/ros2_ws2/src/install/local_setup.zsh'
[5.573s] INFO:colcon.colcon_core.shell:Creating prefix chain script '/home/sachin/ros2_ws2/src/install/setup.zsh'
