[0.047s] Invoking command in '/home/sachin/ros2_ws2/src/build/my_cpp_pkg': CMAKE_PREFIX_PATH=${CMAKE_PREFIX_PATH}:/home/sachin/ros2_ws2/src/install/my_py_pkg:/home/sachin/robosim/install/restaurant_robot:/home/sachin/turtlebot3_ws/install/turtlebot3_teleop:/home/sachin/turtlebot3_ws/install/turtlebot3_example:/opt/ros/jazzy /usr/bin/cmake --build /home/sachin/ros2_ws2/src/build/my_cpp_pkg -- -j12 -l12
[0.271s] [100%] Built target cpp_node
[0.719s] Invoked command in '/home/sachin/ros2_ws2/src/build/my_cpp_pkg' returned '0': CMAKE_PREFIX_PATH=${CMAKE_PREFIX_PATH}:/home/sachin/ros2_ws2/src/install/my_py_pkg:/home/sachin/robosim/install/restaurant_robot:/home/sachin/turtlebot3_ws/install/turtlebot3_teleop:/home/sachin/turtlebot3_ws/install/turtlebot3_example:/opt/ros/jazzy /usr/bin/cmake --build /home/sachin/ros2_ws2/src/build/my_cpp_pkg -- -j12 -l12
[0.748s] Invoking command in '/home/sachin/ros2_ws2/src/build/my_cpp_pkg': CMAKE_PREFIX_PATH=${CMAKE_PREFIX_PATH}:/home/sachin/ros2_ws2/src/install/my_py_pkg:/home/sachin/robosim/install/restaurant_robot:/home/sachin/turtlebot3_ws/install/turtlebot3_teleop:/home/sachin/turtlebot3_ws/install/turtlebot3_example:/opt/ros/jazzy /usr/bin/cmake --install /home/sachin/ros2_ws2/src/build/my_cpp_pkg
[0.773s] -- Install configuration: ""
[0.774s] -- Up-to-date: /home/sachin/ros2_ws2/src/install/my_cpp_pkg/lib/my_cpp_pkg/cpp_node
[0.774s] -- Up-to-date: /home/sachin/ros2_ws2/src/install/my_cpp_pkg/share/ament_index/resource_index/package_run_dependencies/my_cpp_pkg
[0.774s] -- Up-to-date: /home/sachin/ros2_ws2/src/install/my_cpp_pkg/share/ament_index/resource_index/parent_prefix_path/my_cpp_pkg
[0.774s] -- Up-to-date: /home/sachin/ros2_ws2/src/install/my_cpp_pkg/share/my_cpp_pkg/environment/ament_prefix_path.sh
[0.774s] -- Up-to-date: /home/sachin/ros2_ws2/src/install/my_cpp_pkg/share/my_cpp_pkg/environment/ament_prefix_path.dsv
[0.775s] -- Up-to-date: /home/sachin/ros2_ws2/src/install/my_cpp_pkg/share/my_cpp_pkg/environment/path.sh
[0.775s] -- Up-to-date: /home/sachin/ros2_ws2/src/install/my_cpp_pkg/share/my_cpp_pkg/environment/path.dsv
[0.775s] -- Up-to-date: /home/sachin/ros2_ws2/src/install/my_cpp_pkg/share/my_cpp_pkg/local_setup.bash
[0.775s] -- Up-to-date: /home/sachin/ros2_ws2/src/install/my_cpp_pkg/share/my_cpp_pkg/local_setup.sh
[0.777s] -- Up-to-date: /home/sachin/ros2_ws2/src/install/my_cpp_pkg/share/my_cpp_pkg/local_setup.zsh
[0.778s] -- Up-to-date: /home/sachin/ros2_ws2/src/install/my_cpp_pkg/share/my_cpp_pkg/local_setup.dsv
[0.778s] -- Installing: /home/sachin/ros2_ws2/src/install/my_cpp_pkg/share/my_cpp_pkg/package.dsv
[0.778s] -- Up-to-date: /home/sachin/ros2_ws2/src/install/my_cpp_pkg/share/ament_index/resource_index/packages/my_cpp_pkg
[0.778s] -- Up-to-date: /home/sachin/ros2_ws2/src/install/my_cpp_pkg/share/my_cpp_pkg/cmake/my_cpp_pkgConfig.cmake
[0.778s] -- Up-to-date: /home/sachin/ros2_ws2/src/install/my_cpp_pkg/share/my_cpp_pkg/cmake/my_cpp_pkgConfig-version.cmake
[0.778s] -- Up-to-date: /home/sachin/ros2_ws2/src/install/my_cpp_pkg/share/my_cpp_pkg/package.xml
[0.786s] Invoked command in '/home/sachin/ros2_ws2/src/build/my_cpp_pkg' returned '0': CMAKE_PREFIX_PATH=${CMAKE_PREFIX_PATH}:/home/sachin/ros2_ws2/src/install/my_py_pkg:/home/sachin/robosim/install/restaurant_robot:/home/sachin/turtlebot3_ws/install/turtlebot3_teleop:/home/sachin/turtlebot3_ws/install/turtlebot3_example:/opt/ros/jazzy /usr/bin/cmake --install /home/sachin/ros2_ws2/src/build/my_cpp_pkg
