[0.024s] Invoking command in '/home/sachin/ros2_ws2/src/build/my_cpp_pkg': CMAKE_PREFIX_PATH=${CMAKE_PREFIX_PATH}:/home/sachin/ros2_ws2/src/install/my_py_pkg:/home/sachin/robosim/install/restaurant_robot:/home/sachin/turtlebot3_ws/install/turtlebot3_teleop:/home/sachin/turtlebot3_ws/install/turtlebot3_example:/opt/ros/jazzy /usr/bin/cmake --build /home/sachin/ros2_ws2/src/build/my_cpp_pkg -- -j12 -l12
[0.180s] [ 50%] [32mBuilding CXX object CMakeFiles/cpp_node.dir/src/my_first_node.cpp.o[0m
[2.862s] [100%] [32m[1mLinking CXX executable cpp_node[0m
[3.035s] [100%] Built target cpp_node
[3.045s] Invoked command in '/home/sachin/ros2_ws2/src/build/my_cpp_pkg' returned '0': CMAKE_PREFIX_PATH=${CMAKE_PREFIX_PATH}:/home/sachin/ros2_ws2/src/install/my_py_pkg:/home/sachin/robosim/install/restaurant_robot:/home/sachin/turtlebot3_ws/install/turtlebot3_teleop:/home/sachin/turtlebot3_ws/install/turtlebot3_example:/opt/ros/jazzy /usr/bin/cmake --build /home/sachin/ros2_ws2/src/build/my_cpp_pkg -- -j12 -l12
[3.054s] Invoking command in '/home/sachin/ros2_ws2/src/build/my_cpp_pkg': CMAKE_PREFIX_PATH=${CMAKE_PREFIX_PATH}:/home/sachin/ros2_ws2/src/install/my_py_pkg:/home/sachin/robosim/install/restaurant_robot:/home/sachin/turtlebot3_ws/install/turtlebot3_teleop:/home/sachin/turtlebot3_ws/install/turtlebot3_example:/opt/ros/jazzy /usr/bin/cmake --install /home/sachin/ros2_ws2/src/build/my_cpp_pkg
[3.061s] -- Install configuration: ""
[3.063s] -- Installing: /home/sachin/ros2_ws2/src/install/my_cpp_pkg/lib/my_cpp_pkg/cpp_node
[3.066s] -- Set non-toolchain portion of runtime path of "/home/sachin/ros2_ws2/src/install/my_cpp_pkg/lib/my_cpp_pkg/cpp_node" to ""
[3.066s] -- Up-to-date: /home/sachin/ros2_ws2/src/install/my_cpp_pkg/share/ament_index/resource_index/package_run_dependencies/my_cpp_pkg
[3.067s] -- Installing: /home/sachin/ros2_ws2/src/install/my_cpp_pkg/share/ament_index/resource_index/parent_prefix_path/my_cpp_pkg
[3.068s] -- Up-to-date: /home/sachin/ros2_ws2/src/install/my_cpp_pkg/share/my_cpp_pkg/environment/ament_prefix_path.sh
[3.068s] -- Up-to-date: /home/sachin/ros2_ws2/src/install/my_cpp_pkg/share/my_cpp_pkg/environment/ament_prefix_path.dsv
[3.068s] -- Up-to-date: /home/sachin/ros2_ws2/src/install/my_cpp_pkg/share/my_cpp_pkg/environment/path.sh
[3.068s] -- Up-to-date: /home/sachin/ros2_ws2/src/install/my_cpp_pkg/share/my_cpp_pkg/environment/path.dsv
[3.068s] -- Up-to-date: /home/sachin/ros2_ws2/src/install/my_cpp_pkg/share/my_cpp_pkg/local_setup.bash
[3.068s] -- Up-to-date: /home/sachin/ros2_ws2/src/install/my_cpp_pkg/share/my_cpp_pkg/local_setup.sh
[3.068s] -- Up-to-date: /home/sachin/ros2_ws2/src/install/my_cpp_pkg/share/my_cpp_pkg/local_setup.zsh
[3.068s] -- Up-to-date: /home/sachin/ros2_ws2/src/install/my_cpp_pkg/share/my_cpp_pkg/local_setup.dsv
[3.068s] -- Installing: /home/sachin/ros2_ws2/src/install/my_cpp_pkg/share/my_cpp_pkg/package.dsv
[3.069s] -- Up-to-date: /home/sachin/ros2_ws2/src/install/my_cpp_pkg/share/ament_index/resource_index/packages/my_cpp_pkg
[3.069s] -- Up-to-date: /home/sachin/ros2_ws2/src/install/my_cpp_pkg/share/my_cpp_pkg/cmake/my_cpp_pkgConfig.cmake
[3.069s] -- Up-to-date: /home/sachin/ros2_ws2/src/install/my_cpp_pkg/share/my_cpp_pkg/cmake/my_cpp_pkgConfig-version.cmake
[3.069s] -- Up-to-date: /home/sachin/ros2_ws2/src/install/my_cpp_pkg/share/my_cpp_pkg/package.xml
[3.072s] Invoked command in '/home/sachin/ros2_ws2/src/build/my_cpp_pkg' returned '0': CMAKE_PREFIX_PATH=${CMAKE_PREFIX_PATH}:/home/sachin/ros2_ws2/src/install/my_py_pkg:/home/sachin/robosim/install/restaurant_robot:/home/sachin/turtlebot3_ws/install/turtlebot3_teleop:/home/sachin/turtlebot3_ws/install/turtlebot3_example:/opt/ros/jazzy /usr/bin/cmake --install /home/sachin/ros2_ws2/src/build/my_cpp_pkg
